2017-04-13 11:20:00,250 [ModalContext] INFO  o.e.m.c.i.e.AbstractTransferListenerAdapter - Downloading https://repo.maven.apache.org/maven2/org/apache/maven/archetypes/maven-archetype-quickstart/1.1/maven-archetype-quickstart-1.1.jar
2017-04-13 11:20:00,344 [ModalContext] INFO  o.e.m.c.i.e.AbstractTransferListenerAdapter - Downloaded https://repo.maven.apache.org/maven2/org/apache/maven/archetypes/maven-archetype-quickstart/1.1/maven-archetype-quickstart-1.1.jar
2017-04-13 11:20:00,415 [ModalContext] INFO  o.e.m.c.i.e.AbstractTransferListenerAdapter - Downloading https://repo.maven.apache.org/maven2/org/apache/maven/archetypes/maven-archetype-quickstart/1.1/maven-archetype-quickstart-1.1.pom
2017-04-13 11:20:00,474 [ModalContext] INFO  o.e.m.c.i.e.AbstractTransferListenerAdapter - Downloaded https://repo.maven.apache.org/maven2/org/apache/maven/archetypes/maven-archetype-quickstart/1.1/maven-archetype-quickstart-1.1.pom
2017-04-13 11:21:44,781 [Worker-4] INFO  o.e.m.c.i.p.ProjectConfigurationManager - Collecting project info '/pom.xml' H:\Rapsberry\workspace\gunther\pom.xml
2017-04-13 11:21:50,898 [Worker-4] INFO  o.e.m.c.i.l.LifecycleMappingFactory - Using org.eclipse.m2e.jdt.JarLifecycleMapping lifecycle mapping for MavenProject: com.gunther.rapsberry.bluetooth:gunther:0.0.1-SNAPSHOT @ H:\Rapsberry\workspace\gunther\pom.xml.
2017-04-13 11:21:53,049 [Worker-4] INFO  o.e.m.j.i.AbstractJavaProjectConfigurator - Adding source folder /gunther/src/main/java
2017-04-13 11:21:53,054 [Worker-4] INFO  o.e.m.j.i.AbstractJavaProjectConfigurator - Adding source folder /gunther/src/test/java
2017-04-13 11:21:53,202 [Worker-4] INFO  o.e.m.c.i.p.ProjectConfigurationManager - Imported and configured 1 project(s) in 8 sec
2017-04-13 11:23:00,044 [Worker-7] INFO  o.e.m.c.i.p.ProjectConfigurationManager - Collecting project info '/pom.xml' H:\Rapsberry\workspace\bluetooth\pom.xml
2017-04-13 11:23:00,604 [Worker-7] INFO  o.e.m.c.i.l.LifecycleMappingFactory - Using org.eclipse.m2e.jdt.JarLifecycleMapping lifecycle mapping for MavenProject: com.gunther.rapsberry.bluetooth:bluetooth:0.0.1-SNAPSHOT @ H:\Rapsberry\workspace\bluetooth\pom.xml.
2017-04-13 11:23:01,082 [Worker-7] INFO  o.e.m.j.i.AbstractJavaProjectConfigurator - Adding source folder /bluetooth/src/main/java
2017-04-13 11:23:01,088 [Worker-7] INFO  o.e.m.j.i.AbstractJavaProjectConfigurator - Adding source folder /bluetooth/src/test/java
2017-04-13 11:23:01,145 [Worker-7] INFO  o.e.m.c.i.p.ProjectConfigurationManager - Imported and configured 1 project(s) in 1 sec
2017-04-13 11:23:01,941 [Worker-4] INFO  o.e.m.c.i.embedder.EclipseLogger - Using 'UTF-8' encoding to copy filtered resources.
2017-04-13 11:23:01,941 [Worker-4] INFO  o.e.m.c.i.embedder.EclipseLogger - skip non existing resourceDirectory H:\Rapsberry\workspace\bluetooth\src\main\resources
2017-04-13 11:23:01,944 [Worker-4] INFO  o.e.m.c.i.embedder.EclipseLogger - Using 'UTF-8' encoding to copy filtered resources.
2017-04-13 11:23:01,944 [Worker-4] INFO  o.e.m.c.i.embedder.EclipseLogger - skip non existing resourceDirectory H:\Rapsberry\workspace\bluetooth\src\test\resources
2017-04-13 11:23:07,412 [Worker-4] INFO  o.e.m.c.i.embedder.EclipseLogger - Using 'UTF-8' encoding to copy filtered resources.
2017-04-13 11:23:07,412 [Worker-4] INFO  o.e.m.c.i.embedder.EclipseLogger - skip non existing resourceDirectory H:\Rapsberry\workspace\bluetooth\src\main\resources
2017-04-13 11:23:07,415 [Worker-4] INFO  o.e.m.c.i.embedder.EclipseLogger - Using 'UTF-8' encoding to copy filtered resources.
2017-04-13 11:23:07,416 [Worker-4] INFO  o.e.m.c.i.embedder.EclipseLogger - skip non existing resourceDirectory H:\Rapsberry\workspace\bluetooth\src\test\resources
2017-04-13 11:26:21,890 [Worker-9] INFO  o.e.m.c.i.embedder.EclipseLogger - Using 'UTF-8' encoding to copy filtered resources.
2017-04-13 11:26:21,898 [Worker-9] INFO  o.e.m.c.i.embedder.EclipseLogger - skip non existing resourceDirectory H:\Rapsberry\workspace\bluetooth\src\main\resources
2017-04-13 11:26:21,903 [Worker-9] INFO  o.e.m.c.i.embedder.EclipseLogger - Using 'UTF-8' encoding to copy filtered resources.
2017-04-13 11:26:21,904 [Worker-9] INFO  o.e.m.c.i.embedder.EclipseLogger - skip non existing resourceDirectory H:\Rapsberry\workspace\bluetooth\src\test\resources
2017-04-13 11:26:34,126 [Worker-11] INFO  o.e.m.c.i.embedder.EclipseLogger - Using 'UTF-8' encoding to copy filtered resources.
2017-04-13 11:26:34,126 [Worker-11] INFO  o.e.m.c.i.embedder.EclipseLogger - skip non existing resourceDirectory H:\Rapsberry\workspace\bluetooth\src\main\resources
2017-04-13 11:26:34,129 [Worker-11] INFO  o.e.m.c.i.embedder.EclipseLogger - Using 'UTF-8' encoding to copy filtered resources.
2017-04-13 11:26:34,129 [Worker-11] INFO  o.e.m.c.i.embedder.EclipseLogger - skip non existing resourceDirectory H:\Rapsberry\workspace\bluetooth\src\test\resources
2017-04-13 11:27:29,264 [Worker-12] INFO  o.e.m.c.i.l.LifecycleMappingFactory - Using org.eclipse.m2e.jdt.JarLifecycleMapping lifecycle mapping for MavenProject: com.gunther.rapsberry.bluetooth:bluetooth:0.0.1-SNAPSHOT @ H:\Rapsberry\workspace\bluetooth\pom.xml.
2017-04-13 11:27:29,561 [Worker-12] INFO  o.e.m.c.i.e.AbstractTransferListenerAdapter - Downloading https://repo.maven.apache.org/maven2/net/sf/bluecove/bluecove/2.1.0/bluecove-2.1.0.pom
2017-04-13 11:27:29,646 [Worker-12] INFO  o.e.m.c.i.e.AbstractTransferListenerAdapter - Downloaded https://repo.maven.apache.org/maven2/net/sf/bluecove/bluecove/2.1.0/bluecove-2.1.0.pom
2017-04-13 11:27:29,710 [Worker-12] INFO  o.e.m.c.i.e.AbstractTransferListenerAdapter - Downloading https://repo.maven.apache.org/maven2/net/sf/bluecove/bluecove-parent/2.1.0/bluecove-parent-2.1.0.pom
2017-04-13 11:27:29,794 [Worker-12] INFO  o.e.m.c.i.e.AbstractTransferListenerAdapter - Downloaded https://repo.maven.apache.org/maven2/net/sf/bluecove/bluecove-parent/2.1.0/bluecove-parent-2.1.0.pom
2017-04-13 11:27:29,872 [Worker-12] INFO  o.e.m.c.i.e.AbstractTransferListenerAdapter - Downloading https://repo.maven.apache.org/maven2/net/sf/bluecove/bluecove/2.1.0/bluecove-2.1.0.jar
2017-04-13 11:27:30,120 [Worker-12] INFO  o.e.m.c.i.e.AbstractTransferListenerAdapter - Downloaded https://repo.maven.apache.org/maven2/net/sf/bluecove/bluecove/2.1.0/bluecove-2.1.0.jar
2017-04-13 11:27:30,927 [Worker-12] INFO  o.e.m.c.i.embedder.EclipseLogger - Using 'UTF-8' encoding to copy filtered resources.
2017-04-13 11:27:30,927 [Worker-12] INFO  o.e.m.c.i.embedder.EclipseLogger - skip non existing resourceDirectory H:\Rapsberry\workspace\bluetooth\src\main\resources
2017-04-13 11:27:30,929 [Worker-12] INFO  o.e.m.c.i.embedder.EclipseLogger - Using 'UTF-8' encoding to copy filtered resources.
2017-04-13 11:27:30,930 [Worker-12] INFO  o.e.m.c.i.embedder.EclipseLogger - skip non existing resourceDirectory H:\Rapsberry\workspace\bluetooth\src\test\resources
2017-04-13 11:27:32,472 [Worker-10] INFO  o.e.m.c.i.embedder.EclipseLogger - Using 'UTF-8' encoding to copy filtered resources.
2017-04-13 11:27:32,473 [Worker-10] INFO  o.e.m.c.i.embedder.EclipseLogger - skip non existing resourceDirectory H:\Rapsberry\workspace\bluetooth\src\main\resources
2017-04-13 11:27:32,474 [Worker-10] INFO  o.e.m.c.i.embedder.EclipseLogger - Using 'UTF-8' encoding to copy filtered resources.
2017-04-13 11:27:32,474 [Worker-10] INFO  o.e.m.c.i.embedder.EclipseLogger - skip non existing resourceDirectory H:\Rapsberry\workspace\bluetooth\src\test\resources
2017-04-13 11:27:59,020 [Worker-9] INFO  o.e.m.c.i.embedder.EclipseLogger - Using 'UTF-8' encoding to copy filtered resources.
2017-04-13 11:27:59,020 [Worker-9] INFO  o.e.m.c.i.embedder.EclipseLogger - skip non existing resourceDirectory H:\Rapsberry\workspace\bluetooth\src\main\resources
2017-04-13 11:27:59,022 [Worker-9] INFO  o.e.m.c.i.embedder.EclipseLogger - Using 'UTF-8' encoding to copy filtered resources.
2017-04-13 11:27:59,022 [Worker-9] INFO  o.e.m.c.i.embedder.EclipseLogger - skip non existing resourceDirectory H:\Rapsberry\workspace\bluetooth\src\test\resources
2017-04-13 11:28:03,122 [Worker-10] INFO  o.e.m.c.i.embedder.EclipseLogger - Using 'UTF-8' encoding to copy filtered resources.
2017-04-13 11:28:03,122 [Worker-10] INFO  o.e.m.c.i.embedder.EclipseLogger - skip non existing resourceDirectory H:\Rapsberry\workspace\bluetooth\src\main\resources
2017-04-13 11:28:03,125 [Worker-10] INFO  o.e.m.c.i.embedder.EclipseLogger - Using 'UTF-8' encoding to copy filtered resources.
2017-04-13 11:28:03,125 [Worker-10] INFO  o.e.m.c.i.embedder.EclipseLogger - skip non existing resourceDirectory H:\Rapsberry\workspace\bluetooth\src\test\resources
2017-04-13 11:28:32,817 [Worker-14] INFO  o.e.m.c.i.embedder.EclipseLogger - Using 'UTF-8' encoding to copy filtered resources.
2017-04-13 11:28:32,817 [Worker-14] INFO  o.e.m.c.i.embedder.EclipseLogger - skip non existing resourceDirectory H:\Rapsberry\workspace\bluetooth\src\main\resources
2017-04-13 11:28:32,819 [Worker-14] INFO  o.e.m.c.i.embedder.EclipseLogger - Using 'UTF-8' encoding to copy filtered resources.
2017-04-13 11:28:32,819 [Worker-14] INFO  o.e.m.c.i.embedder.EclipseLogger - skip non existing resourceDirectory H:\Rapsberry\workspace\bluetooth\src\test\resources
2017-04-13 11:28:47,230 [Worker-13] INFO  o.e.m.c.i.embedder.EclipseLogger - Using 'UTF-8' encoding to copy filtered resources.
2017-04-13 11:28:47,231 [Worker-13] INFO  o.e.m.c.i.embedder.EclipseLogger - skip non existing resourceDirectory H:\Rapsberry\workspace\bluetooth\src\main\resources
2017-04-13 11:28:47,233 [Worker-13] INFO  o.e.m.c.i.embedder.EclipseLogger - Using 'UTF-8' encoding to copy filtered resources.
2017-04-13 11:28:47,233 [Worker-13] INFO  o.e.m.c.i.embedder.EclipseLogger - skip non existing resourceDirectory H:\Rapsberry\workspace\bluetooth\src\test\resources
2017-04-13 11:28:52,825 [Worker-12] INFO  o.e.m.c.i.embedder.EclipseLogger - Using 'UTF-8' encoding to copy filtered resources.
2017-04-13 11:28:52,825 [Worker-12] INFO  o.e.m.c.i.embedder.EclipseLogger - skip non existing resourceDirectory H:\Rapsberry\workspace\bluetooth\src\main\resources
2017-04-13 11:28:52,826 [Worker-12] INFO  o.e.m.c.i.embedder.EclipseLogger - Using 'UTF-8' encoding to copy filtered resources.
2017-04-13 11:28:52,826 [Worker-12] INFO  o.e.m.c.i.embedder.EclipseLogger - skip non existing resourceDirectory H:\Rapsberry\workspace\bluetooth\src\test\resources
2017-04-13 11:29:51,542 [Worker-15] INFO  o.e.m.c.i.embedder.EclipseLogger - Using 'UTF-8' encoding to copy filtered resources.
2017-04-13 11:29:51,542 [Worker-15] INFO  o.e.m.c.i.embedder.EclipseLogger - skip non existing resourceDirectory H:\Rapsberry\workspace\bluetooth\src\main\resources
2017-04-13 11:29:51,550 [Worker-15] INFO  o.e.m.c.i.embedder.EclipseLogger - Using 'UTF-8' encoding to copy filtered resources.
2017-04-13 11:29:51,551 [Worker-15] INFO  o.e.m.c.i.embedder.EclipseLogger - skip non existing resourceDirectory H:\Rapsberry\workspace\bluetooth\src\test\resources
2017-04-13 11:29:53,618 [Worker-14] INFO  o.e.m.c.i.embedder.EclipseLogger - Using 'UTF-8' encoding to copy filtered resources.
2017-04-13 11:29:53,618 [Worker-14] INFO  o.e.m.c.i.embedder.EclipseLogger - skip non existing resourceDirectory H:\Rapsberry\workspace\bluetooth\src\main\resources
2017-04-13 11:29:53,620 [Worker-14] INFO  o.e.m.c.i.embedder.EclipseLogger - Using 'UTF-8' encoding to copy filtered resources.
2017-04-13 11:29:53,621 [Worker-14] INFO  o.e.m.c.i.embedder.EclipseLogger - skip non existing resourceDirectory H:\Rapsberry\workspace\bluetooth\src\test\resources
2017-04-13 11:30:18,886 [Worker-9] INFO  o.e.m.c.i.embedder.EclipseLogger - Using 'UTF-8' encoding to copy filtered resources.
2017-04-13 11:30:18,886 [Worker-9] INFO  o.e.m.c.i.embedder.EclipseLogger - skip non existing resourceDirectory H:\Rapsberry\workspace\bluetooth\src\main\resources
2017-04-13 11:30:18,887 [Worker-9] INFO  o.e.m.c.i.embedder.EclipseLogger - Using 'UTF-8' encoding to copy filtered resources.
2017-04-13 11:30:18,887 [Worker-9] INFO  o.e.m.c.i.embedder.EclipseLogger - skip non existing resourceDirectory H:\Rapsberry\workspace\bluetooth\src\test\resources
2017-04-13 11:30:58,997 [Worker-10] INFO  o.e.m.c.i.embedder.EclipseLogger - Using 'UTF-8' encoding to copy filtered resources.
2017-04-13 11:30:58,998 [Worker-10] INFO  o.e.m.c.i.embedder.EclipseLogger - skip non existing resourceDirectory H:\Rapsberry\workspace\bluetooth\src\main\resources
2017-04-13 11:30:58,999 [Worker-10] INFO  o.e.m.c.i.embedder.EclipseLogger - Using 'UTF-8' encoding to copy filtered resources.
2017-04-13 11:30:58,999 [Worker-10] INFO  o.e.m.c.i.embedder.EclipseLogger - skip non existing resourceDirectory H:\Rapsberry\workspace\bluetooth\src\test\resources
2017-04-13 11:31:15,225 [Worker-10] INFO  o.e.m.c.i.embedder.EclipseLogger - Using 'UTF-8' encoding to copy filtered resources.
2017-04-13 11:31:15,225 [Worker-10] INFO  o.e.m.c.i.embedder.EclipseLogger - skip non existing resourceDirectory H:\Rapsberry\workspace\bluetooth\src\main\resources
2017-04-13 11:31:15,227 [Worker-10] INFO  o.e.m.c.i.embedder.EclipseLogger - Using 'UTF-8' encoding to copy filtered resources.
2017-04-13 11:31:15,228 [Worker-10] INFO  o.e.m.c.i.embedder.EclipseLogger - skip non existing resourceDirectory H:\Rapsberry\workspace\bluetooth\src\test\resources
2017-04-13 11:31:25,026 [Worker-15] INFO  o.e.m.c.i.embedder.EclipseLogger - Using 'UTF-8' encoding to copy filtered resources.
2017-04-13 11:31:25,027 [Worker-15] INFO  o.e.m.c.i.embedder.EclipseLogger - skip non existing resourceDirectory H:\Rapsberry\workspace\bluetooth\src\main\resources
2017-04-13 11:31:25,031 [Worker-15] INFO  o.e.m.c.i.embedder.EclipseLogger - Using 'UTF-8' encoding to copy filtered resources.
2017-04-13 11:31:25,032 [Worker-15] INFO  o.e.m.c.i.embedder.EclipseLogger - skip non existing resourceDirectory H:\Rapsberry\workspace\bluetooth\src\test\resources
2017-04-13 11:31:34,789 [Worker-12] INFO  o.e.m.c.i.embedder.EclipseLogger - Using 'UTF-8' encoding to copy filtered resources.
2017-04-13 11:31:34,789 [Worker-12] INFO  o.e.m.c.i.embedder.EclipseLogger - skip non existing resourceDirectory H:\Rapsberry\workspace\bluetooth\src\main\resources
2017-04-13 11:31:34,790 [Worker-12] INFO  o.e.m.c.i.embedder.EclipseLogger - Using 'UTF-8' encoding to copy filtered resources.
2017-04-13 11:31:34,791 [Worker-12] INFO  o.e.m.c.i.embedder.EclipseLogger - skip non existing resourceDirectory H:\Rapsberry\workspace\bluetooth\src\test\resources
2017-04-13 11:31:46,796 [Worker-15] INFO  o.e.m.c.i.embedder.EclipseLogger - Using 'UTF-8' encoding to copy filtered resources.
2017-04-13 11:31:46,797 [Worker-15] INFO  o.e.m.c.i.embedder.EclipseLogger - skip non existing resourceDirectory H:\Rapsberry\workspace\bluetooth\src\main\resources
2017-04-13 11:31:46,799 [Worker-15] INFO  o.e.m.c.i.embedder.EclipseLogger - Using 'UTF-8' encoding to copy filtered resources.
2017-04-13 11:31:46,799 [Worker-15] INFO  o.e.m.c.i.embedder.EclipseLogger - skip non existing resourceDirectory H:\Rapsberry\workspace\bluetooth\src\test\resources
2017-04-13 11:31:50,783 [Worker-15] INFO  o.e.m.c.i.embedder.EclipseLogger - Using 'UTF-8' encoding to copy filtered resources.
2017-04-13 11:31:50,783 [Worker-15] INFO  o.e.m.c.i.embedder.EclipseLogger - skip non existing resourceDirectory H:\Rapsberry\workspace\bluetooth\src\main\resources
2017-04-13 11:31:50,787 [Worker-15] INFO  o.e.m.c.i.embedder.EclipseLogger - Using 'UTF-8' encoding to copy filtered resources.
2017-04-13 11:31:50,788 [Worker-15] INFO  o.e.m.c.i.embedder.EclipseLogger - skip non existing resourceDirectory H:\Rapsberry\workspace\bluetooth\src\test\resources
2017-04-13 11:31:55,768 [Worker-0] INFO  o.e.m.c.i.embedder.EclipseLogger - Using 'UTF-8' encoding to copy filtered resources.
2017-04-13 11:31:55,768 [Worker-0] INFO  o.e.m.c.i.embedder.EclipseLogger - skip non existing resourceDirectory H:\Rapsberry\workspace\bluetooth\src\main\resources
2017-04-13 11:31:55,769 [Worker-0] INFO  o.e.m.c.i.embedder.EclipseLogger - Using 'UTF-8' encoding to copy filtered resources.
2017-04-13 11:31:55,770 [Worker-0] INFO  o.e.m.c.i.embedder.EclipseLogger - skip non existing resourceDirectory H:\Rapsberry\workspace\bluetooth\src\test\resources
2017-04-13 11:32:11,925 [Worker-12] INFO  o.e.m.c.i.embedder.EclipseLogger - Using 'UTF-8' encoding to copy filtered resources.
2017-04-13 11:32:11,926 [Worker-12] INFO  o.e.m.c.i.embedder.EclipseLogger - skip non existing resourceDirectory H:\Rapsberry\workspace\bluetooth\src\main\resources
2017-04-13 11:32:11,927 [Worker-12] INFO  o.e.m.c.i.embedder.EclipseLogger - Using 'UTF-8' encoding to copy filtered resources.
2017-04-13 11:32:11,927 [Worker-12] INFO  o.e.m.c.i.embedder.EclipseLogger - skip non existing resourceDirectory H:\Rapsberry\workspace\bluetooth\src\test\resources
2017-04-13 11:32:39,704 [Worker-16] INFO  o.e.m.c.i.embedder.EclipseLogger - Using 'UTF-8' encoding to copy filtered resources.
2017-04-13 11:32:39,704 [Worker-16] INFO  o.e.m.c.i.embedder.EclipseLogger - skip non existing resourceDirectory H:\Rapsberry\workspace\bluetooth\src\main\resources
2017-04-13 11:32:39,706 [Worker-16] INFO  o.e.m.c.i.embedder.EclipseLogger - Using 'UTF-8' encoding to copy filtered resources.
2017-04-13 11:32:39,706 [Worker-16] INFO  o.e.m.c.i.embedder.EclipseLogger - skip non existing resourceDirectory H:\Rapsberry\workspace\bluetooth\src\test\resources
2017-04-13 11:32:40,952 [Worker-11] INFO  o.e.m.c.i.embedder.EclipseLogger - Using 'UTF-8' encoding to copy filtered resources.
2017-04-13 11:32:40,952 [Worker-11] INFO  o.e.m.c.i.embedder.EclipseLogger - skip non existing resourceDirectory H:\Rapsberry\workspace\bluetooth\src\main\resources
2017-04-13 11:32:40,955 [Worker-11] INFO  o.e.m.c.i.embedder.EclipseLogger - Using 'UTF-8' encoding to copy filtered resources.
2017-04-13 11:32:40,955 [Worker-11] INFO  o.e.m.c.i.embedder.EclipseLogger - skip non existing resourceDirectory H:\Rapsberry\workspace\bluetooth\src\test\resources
2017-04-13 11:32:48,852 [Worker-13] INFO  o.e.m.c.i.embedder.EclipseLogger - Using 'UTF-8' encoding to copy filtered resources.
2017-04-13 11:32:48,852 [Worker-13] INFO  o.e.m.c.i.embedder.EclipseLogger - skip non existing resourceDirectory H:\Rapsberry\workspace\bluetooth\src\main\resources
2017-04-13 11:32:48,855 [Worker-13] INFO  o.e.m.c.i.embedder.EclipseLogger - Using 'UTF-8' encoding to copy filtered resources.
2017-04-13 11:32:48,855 [Worker-13] INFO  o.e.m.c.i.embedder.EclipseLogger - skip non existing resourceDirectory H:\Rapsberry\workspace\bluetooth\src\test\resources
2017-04-13 11:32:57,508 [Worker-12] INFO  o.e.m.c.i.embedder.EclipseLogger - Using 'UTF-8' encoding to copy filtered resources.
2017-04-13 11:32:57,508 [Worker-12] INFO  o.e.m.c.i.embedder.EclipseLogger - skip non existing resourceDirectory H:\Rapsberry\workspace\bluetooth\src\main\resources
2017-04-13 11:32:57,509 [Worker-12] INFO  o.e.m.c.i.embedder.EclipseLogger - Using 'UTF-8' encoding to copy filtered resources.
2017-04-13 11:32:57,509 [Worker-12] INFO  o.e.m.c.i.embedder.EclipseLogger - skip non existing resourceDirectory H:\Rapsberry\workspace\bluetooth\src\test\resources
2017-04-13 11:33:03,756 [Worker-0] INFO  o.e.m.c.i.embedder.EclipseLogger - Using 'UTF-8' encoding to copy filtered resources.
2017-04-13 11:33:03,757 [Worker-0] INFO  o.e.m.c.i.embedder.EclipseLogger - skip non existing resourceDirectory H:\Rapsberry\workspace\bluetooth\src\main\resources
2017-04-13 11:33:03,760 [Worker-0] INFO  o.e.m.c.i.embedder.EclipseLogger - Using 'UTF-8' encoding to copy filtered resources.
2017-04-13 11:33:03,760 [Worker-0] INFO  o.e.m.c.i.embedder.EclipseLogger - skip non existing resourceDirectory H:\Rapsberry\workspace\bluetooth\src\test\resources
2017-04-13 11:34:28,234 [Worker-16] INFO  o.e.m.c.i.embedder.EclipseLogger - Using 'UTF-8' encoding to copy filtered resources.
2017-04-13 11:34:28,235 [Worker-16] INFO  o.e.m.c.i.embedder.EclipseLogger - skip non existing resourceDirectory H:\Rapsberry\workspace\bluetooth\src\main\resources
2017-04-13 11:34:28,237 [Worker-16] INFO  o.e.m.c.i.embedder.EclipseLogger - Using 'UTF-8' encoding to copy filtered resources.
2017-04-13 11:34:28,237 [Worker-16] INFO  o.e.m.c.i.embedder.EclipseLogger - skip non existing resourceDirectory H:\Rapsberry\workspace\bluetooth\src\test\resources
2017-04-13 11:34:34,967 [Worker-13] INFO  o.e.m.c.i.embedder.EclipseLogger - Using 'UTF-8' encoding to copy filtered resources.
2017-04-13 11:34:34,968 [Worker-13] INFO  o.e.m.c.i.embedder.EclipseLogger - skip non existing resourceDirectory H:\Rapsberry\workspace\bluetooth\src\main\resources
2017-04-13 11:34:34,971 [Worker-13] INFO  o.e.m.c.i.embedder.EclipseLogger - Using 'UTF-8' encoding to copy filtered resources.
2017-04-13 11:34:34,971 [Worker-13] INFO  o.e.m.c.i.embedder.EclipseLogger - skip non existing resourceDirectory H:\Rapsberry\workspace\bluetooth\src\test\resources
2017-04-13 11:35:39,396 [Worker-0] INFO  o.e.m.c.i.embedder.EclipseLogger - Using 'UTF-8' encoding to copy filtered resources.
2017-04-13 11:35:39,396 [Worker-0] INFO  o.e.m.c.i.embedder.EclipseLogger - skip non existing resourceDirectory H:\Rapsberry\workspace\bluetooth\src\main\resources
2017-04-13 11:35:39,398 [Worker-0] INFO  o.e.m.c.i.embedder.EclipseLogger - Using 'UTF-8' encoding to copy filtered resources.
2017-04-13 11:35:39,399 [Worker-0] INFO  o.e.m.c.i.embedder.EclipseLogger - skip non existing resourceDirectory H:\Rapsberry\workspace\bluetooth\src\test\resources
2017-04-13 11:35:55,424 [Worker-16] INFO  o.e.m.c.i.embedder.EclipseLogger - Using 'UTF-8' encoding to copy filtered resources.
2017-04-13 11:35:55,424 [Worker-16] INFO  o.e.m.c.i.embedder.EclipseLogger - skip non existing resourceDirectory H:\Rapsberry\workspace\bluetooth\src\main\resources
2017-04-13 11:35:55,425 [Worker-16] INFO  o.e.m.c.i.embedder.EclipseLogger - Using 'UTF-8' encoding to copy filtered resources.
2017-04-13 11:35:55,425 [Worker-16] INFO  o.e.m.c.i.embedder.EclipseLogger - skip non existing resourceDirectory H:\Rapsberry\workspace\bluetooth\src\test\resources
2017-04-13 11:39:55,211 [Worker-20] INFO  o.e.m.c.i.l.LifecycleMappingFactory - Using org.eclipse.m2e.jdt.JarLifecycleMapping lifecycle mapping for MavenProject: com.gunther.rapsberry.bluetooth:bluetooth:0.0.1-SNAPSHOT @ H:\Rapsberry\workspace\bluetooth\pom.xml.
2017-04-13 11:39:55,222 [Worker-20] WARN  o.e.m.c.i.embedder.EclipseLogger - The POM for net.sf.bluecove:bluecove:jar:2.1.1-SNAPSHOT is missing, no dependency information available
2017-04-13 11:39:55,452 [Worker-20] INFO  o.e.m.c.i.embedder.EclipseLogger - Using 'UTF-8' encoding to copy filtered resources.
2017-04-13 11:39:55,452 [Worker-20] INFO  o.e.m.c.i.embedder.EclipseLogger - skip non existing resourceDirectory H:\Rapsberry\workspace\bluetooth\src\main\resources
2017-04-13 11:39:55,454 [Worker-20] INFO  o.e.m.c.i.embedder.EclipseLogger - Using 'UTF-8' encoding to copy filtered resources.
2017-04-13 11:39:55,454 [Worker-20] INFO  o.e.m.c.i.embedder.EclipseLogger - skip non existing resourceDirectory H:\Rapsberry\workspace\bluetooth\src\test\resources
2017-04-13 11:40:21,946 [Worker-18] INFO  o.e.m.c.i.e.AbstractTransferListenerAdapter - Downloading http://repository.pyx4j.com/maven2-snapshot/net/sf/bluecove/bluecove/2.1.1-SNAPSHOT/maven-metadata.xml
2017-04-13 11:40:22,014 [Worker-21] INFO  o.e.m.c.i.l.LifecycleMappingFactory - Using org.eclipse.m2e.jdt.JarLifecycleMapping lifecycle mapping for MavenProject: com.gunther.rapsberry.bluetooth:bluetooth:0.0.1-SNAPSHOT @ H:\Rapsberry\workspace\bluetooth\pom.xml.
2017-04-13 11:40:22,305 [Worker-18] INFO  o.e.m.c.i.e.AbstractTransferListenerAdapter - Downloaded http://repository.pyx4j.com/maven2-snapshot/net/sf/bluecove/bluecove/2.1.1-SNAPSHOT/maven-metadata.xml
2017-04-13 11:40:22,677 [Worker-18] INFO  o.e.m.c.i.e.AbstractTransferListenerAdapter - Downloading http://repository.pyx4j.com/maven2-snapshot/net/sf/bluecove/bluecove/2.1.1-SNAPSHOT/bluecove-2.1.1-20101024.214840-60.pom
2017-04-13 11:40:22,715 [Worker-21] INFO  o.e.m.c.i.e.AbstractTransferListenerAdapter - Downloading http://repository.pyx4j.com/maven2-snapshot/net/sf/bluecove/bluecove/2.1.1-SNAPSHOT/maven-metadata.xml
2017-04-13 11:40:23,052 [Worker-21] INFO  o.e.m.c.i.e.AbstractTransferListenerAdapter - Downloaded http://repository.pyx4j.com/maven2-snapshot/net/sf/bluecove/bluecove/2.1.1-SNAPSHOT/maven-metadata.xml
2017-04-13 11:40:23,386 [Worker-21] INFO  o.e.m.c.i.e.AbstractTransferListenerAdapter - Downloading http://repository.pyx4j.com/maven2-snapshot/net/sf/bluecove/bluecove/2.1.1-SNAPSHOT/bluecove-2.1.1-20101024.214840-60.pom
2017-04-13 11:40:23,475 [Worker-18] INFO  o.e.m.c.i.e.AbstractTransferListenerAdapter - Downloaded http://repository.pyx4j.com/maven2-snapshot/net/sf/bluecove/bluecove/2.1.1-SNAPSHOT/bluecove-2.1.1-20101024.214840-60.pom
2017-04-13 11:40:23,803 [Worker-18] INFO  o.e.m.c.i.e.AbstractTransferListenerAdapter - Downloading http://repository.pyx4j.com/maven2-snapshot/net/sf/bluecove/bluecove-parent/2.1.1-SNAPSHOT/maven-metadata.xml
2017-04-13 11:40:23,936 [Worker-21] INFO  o.e.m.c.i.e.AbstractTransferListenerAdapter - Downloaded http://repository.pyx4j.com/maven2-snapshot/net/sf/bluecove/bluecove/2.1.1-SNAPSHOT/bluecove-2.1.1-20101024.214840-60.pom
2017-04-13 11:40:24,667 [Worker-21] INFO  o.e.m.c.i.e.AbstractTransferListenerAdapter - Downloading http://repository.pyx4j.com/maven2-snapshot/net/sf/bluecove/bluecove-parent/2.1.1-SNAPSHOT/maven-metadata.xml
2017-04-13 11:40:25,016 [Worker-21] INFO  o.e.m.c.i.e.AbstractTransferListenerAdapter - Downloaded http://repository.pyx4j.com/maven2-snapshot/net/sf/bluecove/bluecove-parent/2.1.1-SNAPSHOT/maven-metadata.xml
2017-04-13 11:40:25,152 [Worker-18] INFO  o.e.m.c.i.e.AbstractTransferListenerAdapter - Downloaded http://repository.pyx4j.com/maven2-snapshot/net/sf/bluecove/bluecove-parent/2.1.1-SNAPSHOT/maven-metadata.xml
2017-04-13 11:40:25,155 [Worker-18] WARN  o.e.m.c.i.embedder.EclipseLogger - Could not transfer metadata net.sf.bluecove:bluecove-parent:2.1.1-SNAPSHOT/maven-metadata.xml from/to pyx4j-web-snapshot (http://repository.pyx4j.com/maven2-snapshot): C:\Users\Administrator\.m2\repository\net\sf\bluecove\bluecove-parent\2.1.1-SNAPSHOT\aether-bd844a21-cdea-4c58-ba3b-a7ede6ffb2ca-maven-metadata-pyx4j-web-snapshot.xml-in-progress (The system cannot find the file specified)
2017-04-13 11:40:25,364 [Worker-21] INFO  o.e.m.c.i.e.AbstractTransferListenerAdapter - Downloading http://repository.pyx4j.com/maven2-snapshot/net/sf/bluecove/bluecove-parent/2.1.1-SNAPSHOT/bluecove-parent-2.1.1-20101025.080249-64.pom
2017-04-13 11:40:25,458 [Worker-18] INFO  o.e.m.c.i.e.AbstractTransferListenerAdapter - Downloading http://repository.pyx4j.com/maven2-snapshot/net/sf/bluecove/bluecove-parent/2.1.1-SNAPSHOT/bluecove-parent-2.1.1-20101025.080249-64.pom
2017-04-13 11:40:26,024 [Worker-21] INFO  o.e.m.c.i.e.AbstractTransferListenerAdapter - Downloaded http://repository.pyx4j.com/maven2-snapshot/net/sf/bluecove/bluecove-parent/2.1.1-SNAPSHOT/bluecove-parent-2.1.1-20101025.080249-64.pom
2017-04-13 11:40:26,165 [Worker-18] INFO  o.e.m.c.i.e.AbstractTransferListenerAdapter - Downloaded http://repository.pyx4j.com/maven2-snapshot/net/sf/bluecove/bluecove-parent/2.1.1-SNAPSHOT/bluecove-parent-2.1.1-20101025.080249-64.pom
2017-04-13 11:40:26,425 [Worker-21] INFO  o.e.m.c.i.e.AbstractTransferListenerAdapter - Downloading http://repository.pyx4j.com/maven2-snapshot/net/sf/bluecove/bluecove/2.1.1-SNAPSHOT/bluecove-2.1.1-20101024.214840-60.jar
2017-04-13 11:40:26,473 [Worker-18] INFO  o.e.m.c.i.e.AbstractTransferListenerAdapter - Downloading http://repository.pyx4j.com/maven2-snapshot/net/sf/bluecove/bluecove/2.1.1-SNAPSHOT/bluecove-2.1.1-20101024.214840-60.jar
2017-04-13 11:40:28,293 [Worker-18] INFO  o.e.m.c.i.e.AbstractTransferListenerAdapter - Downloaded http://repository.pyx4j.com/maven2-snapshot/net/sf/bluecove/bluecove/2.1.1-SNAPSHOT/bluecove-2.1.1-20101024.214840-60.jar
2017-04-13 11:40:31,272 [Worker-21] INFO  o.e.m.c.i.e.AbstractTransferListenerAdapter - Downloaded http://repository.pyx4j.com/maven2-snapshot/net/sf/bluecove/bluecove/2.1.1-SNAPSHOT/bluecove-2.1.1-20101024.214840-60.jar
2017-04-13 11:40:31,490 [Worker-21] INFO  o.e.m.c.i.embedder.EclipseLogger - Using 'UTF-8' encoding to copy filtered resources.
2017-04-13 11:40:31,491 [Worker-21] INFO  o.e.m.c.i.embedder.EclipseLogger - skip non existing resourceDirectory H:\Rapsberry\workspace\bluetooth\src\main\resources
2017-04-13 11:40:31,492 [Worker-21] INFO  o.e.m.c.i.embedder.EclipseLogger - Using 'UTF-8' encoding to copy filtered resources.
2017-04-13 11:40:31,493 [Worker-21] INFO  o.e.m.c.i.embedder.EclipseLogger - skip non existing resourceDirectory H:\Rapsberry\workspace\bluetooth\src\test\resources
2017-04-13 11:40:33,299 [Worker-12] INFO  o.e.m.c.i.l.LifecycleMappingFactory - Using org.eclipse.m2e.jdt.JarLifecycleMapping lifecycle mapping for MavenProject: com.gunther.rapsberry.bluetooth:bluetooth:0.0.1-SNAPSHOT @ H:\Rapsberry\workspace\bluetooth\pom.xml.
2017-04-13 11:40:33,680 [Worker-12] INFO  o.e.m.c.i.embedder.EclipseLogger - Using 'UTF-8' encoding to copy filtered resources.
2017-04-13 11:40:33,680 [Worker-12] INFO  o.e.m.c.i.embedder.EclipseLogger - skip non existing resourceDirectory H:\Rapsberry\workspace\bluetooth\src\main\resources
2017-04-13 11:40:33,682 [Worker-12] INFO  o.e.m.c.i.embedder.EclipseLogger - Using 'UTF-8' encoding to copy filtered resources.
2017-04-13 11:40:33,682 [Worker-12] INFO  o.e.m.c.i.embedder.EclipseLogger - skip non existing resourceDirectory H:\Rapsberry\workspace\bluetooth\src\test\resources
2017-04-13 11:43:43,945 [Worker-22] INFO  o.e.m.c.i.embedder.EclipseLogger - Using 'UTF-8' encoding to copy filtered resources.
2017-04-13 11:43:43,945 [Worker-22] INFO  o.e.m.c.i.embedder.EclipseLogger - skip non existing resourceDirectory H:\Rapsberry\workspace\bluetooth\src\main\resources
2017-04-13 11:43:43,948 [Worker-22] INFO  o.e.m.c.i.embedder.EclipseLogger - Using 'UTF-8' encoding to copy filtered resources.
2017-04-13 11:43:43,948 [Worker-22] INFO  o.e.m.c.i.embedder.EclipseLogger - skip non existing resourceDirectory H:\Rapsberry\workspace\bluetooth\src\test\resources
2017-04-13 11:44:13,025 [Worker-24] INFO  o.e.m.c.i.embedder.EclipseLogger - Using 'UTF-8' encoding to copy filtered resources.
2017-04-13 11:44:13,025 [Worker-24] INFO  o.e.m.c.i.embedder.EclipseLogger - skip non existing resourceDirectory H:\Rapsberry\workspace\bluetooth\src\main\resources
2017-04-13 11:44:13,028 [Worker-24] INFO  o.e.m.c.i.embedder.EclipseLogger - Using 'UTF-8' encoding to copy filtered resources.
2017-04-13 11:44:13,028 [Worker-24] INFO  o.e.m.c.i.embedder.EclipseLogger - skip non existing resourceDirectory H:\Rapsberry\workspace\bluetooth\src\test\resources
2017-04-13 11:44:25,724 [Worker-26] INFO  o.e.m.c.i.embedder.EclipseLogger - Using 'UTF-8' encoding to copy filtered resources.
2017-04-13 11:44:25,724 [Worker-26] INFO  o.e.m.c.i.embedder.EclipseLogger - skip non existing resourceDirectory H:\Rapsberry\workspace\bluetooth\src\main\resources
2017-04-13 11:44:25,726 [Worker-26] INFO  o.e.m.c.i.embedder.EclipseLogger - Using 'UTF-8' encoding to copy filtered resources.
2017-04-13 11:44:25,726 [Worker-26] INFO  o.e.m.c.i.embedder.EclipseLogger - skip non existing resourceDirectory H:\Rapsberry\workspace\bluetooth\src\test\resources
2017-04-13 11:44:30,566 [Worker-19] INFO  o.e.m.c.i.embedder.EclipseLogger - Using 'UTF-8' encoding to copy filtered resources.
2017-04-13 11:44:30,566 [Worker-19] INFO  o.e.m.c.i.embedder.EclipseLogger - skip non existing resourceDirectory H:\Rapsberry\workspace\bluetooth\src\main\resources
2017-04-13 11:44:30,566 [Worker-19] INFO  o.e.m.c.i.embedder.EclipseLogger - Using 'UTF-8' encoding to copy filtered resources.
2017-04-13 11:44:30,566 [Worker-19] INFO  o.e.m.c.i.embedder.EclipseLogger - skip non existing resourceDirectory H:\Rapsberry\workspace\bluetooth\src\test\resources
2017-04-13 11:44:43,858 [Worker-22] INFO  o.e.m.c.i.embedder.EclipseLogger - Using 'UTF-8' encoding to copy filtered resources.
2017-04-13 11:44:43,858 [Worker-22] INFO  o.e.m.c.i.embedder.EclipseLogger - skip non existing resourceDirectory H:\Rapsberry\workspace\bluetooth\src\main\resources
2017-04-13 11:44:43,859 [Worker-22] INFO  o.e.m.c.i.embedder.EclipseLogger - Using 'UTF-8' encoding to copy filtered resources.
2017-04-13 11:44:43,859 [Worker-22] INFO  o.e.m.c.i.embedder.EclipseLogger - skip non existing resourceDirectory H:\Rapsberry\workspace\bluetooth\src\test\resources
2017-04-13 11:46:48,822 [Worker-25] INFO  o.e.m.c.i.embedder.EclipseLogger - Using 'UTF-8' encoding to copy filtered resources.
2017-04-13 11:46:48,822 [Worker-25] INFO  o.e.m.c.i.embedder.EclipseLogger - skip non existing resourceDirectory H:\Rapsberry\workspace\bluetooth\src\main\resources
2017-04-13 11:46:48,823 [Worker-25] INFO  o.e.m.c.i.embedder.EclipseLogger - Using 'UTF-8' encoding to copy filtered resources.
2017-04-13 11:46:48,823 [Worker-25] INFO  o.e.m.c.i.embedder.EclipseLogger - skip non existing resourceDirectory H:\Rapsberry\workspace\bluetooth\src\test\resources
2017-04-13 11:46:50,309 [Worker-19] INFO  o.e.m.c.i.embedder.EclipseLogger - Using 'UTF-8' encoding to copy filtered resources.
2017-04-13 11:46:50,309 [Worker-19] INFO  o.e.m.c.i.embedder.EclipseLogger - skip non existing resourceDirectory H:\Rapsberry\workspace\bluetooth\src\main\resources
2017-04-13 11:46:50,311 [Worker-19] INFO  o.e.m.c.i.embedder.EclipseLogger - Using 'UTF-8' encoding to copy filtered resources.
2017-04-13 11:46:50,312 [Worker-19] INFO  o.e.m.c.i.embedder.EclipseLogger - skip non existing resourceDirectory H:\Rapsberry\workspace\bluetooth\src\test\resources
2017-04-13 11:46:56,414 [Worker-27] INFO  o.e.m.c.i.embedder.EclipseLogger - Using 'UTF-8' encoding to copy filtered resources.
2017-04-13 11:46:56,414 [Worker-27] INFO  o.e.m.c.i.embedder.EclipseLogger - skip non existing resourceDirectory H:\Rapsberry\workspace\bluetooth\src\main\resources
2017-04-13 11:46:56,415 [Worker-27] INFO  o.e.m.c.i.embedder.EclipseLogger - Using 'UTF-8' encoding to copy filtered resources.
2017-04-13 11:46:56,415 [Worker-27] INFO  o.e.m.c.i.embedder.EclipseLogger - skip non existing resourceDirectory H:\Rapsberry\workspace\bluetooth\src\test\resources
2017-04-13 12:57:27,433 [Worker-52] INFO  o.e.m.c.i.embedder.EclipseLogger - Using 'UTF-8' encoding to copy filtered resources.
2017-04-13 12:57:27,434 [Worker-52] INFO  o.e.m.c.i.embedder.EclipseLogger - skip non existing resourceDirectory H:\Rapsberry\workspace\bluetooth\src\main\resources
2017-04-13 12:57:27,435 [Worker-52] INFO  o.e.m.c.i.embedder.EclipseLogger - Using 'UTF-8' encoding to copy filtered resources.
2017-04-13 12:57:27,435 [Worker-52] INFO  o.e.m.c.i.embedder.EclipseLogger - skip non existing resourceDirectory H:\Rapsberry\workspace\bluetooth\src\test\resources
2017-04-13 12:57:28,785 [Worker-51] INFO  o.e.m.c.i.embedder.EclipseLogger - Using 'UTF-8' encoding to copy filtered resources.
2017-04-13 12:57:28,785 [Worker-51] INFO  o.e.m.c.i.embedder.EclipseLogger - skip non existing resourceDirectory H:\Rapsberry\workspace\bluetooth\src\main\resources
2017-04-13 12:57:28,786 [Worker-51] INFO  o.e.m.c.i.embedder.EclipseLogger - Using 'UTF-8' encoding to copy filtered resources.
2017-04-13 12:57:28,786 [Worker-51] INFO  o.e.m.c.i.embedder.EclipseLogger - skip non existing resourceDirectory H:\Rapsberry\workspace\bluetooth\src\test\resources
2017-04-13 12:57:30,235 [Worker-52] INFO  o.e.m.c.i.embedder.EclipseLogger - Using 'UTF-8' encoding to copy filtered resources.
2017-04-13 12:57:30,235 [Worker-52] INFO  o.e.m.c.i.embedder.EclipseLogger - skip non existing resourceDirectory H:\Rapsberry\workspace\bluetooth\src\main\resources
2017-04-13 12:57:30,237 [Worker-52] INFO  o.e.m.c.i.embedder.EclipseLogger - Using 'UTF-8' encoding to copy filtered resources.
2017-04-13 12:57:30,237 [Worker-52] INFO  o.e.m.c.i.embedder.EclipseLogger - skip non existing resourceDirectory H:\Rapsberry\workspace\bluetooth\src\test\resources
2017-04-13 12:57:42,441 [Worker-49] INFO  o.e.m.c.i.embedder.EclipseLogger - Using 'UTF-8' encoding to copy filtered resources.
2017-04-13 12:57:42,441 [Worker-49] INFO  o.e.m.c.i.embedder.EclipseLogger - skip non existing resourceDirectory H:\Rapsberry\workspace\bluetooth\src\main\resources
2017-04-13 12:57:42,444 [Worker-49] INFO  o.e.m.c.i.embedder.EclipseLogger - Using 'UTF-8' encoding to copy filtered resources.
2017-04-13 12:57:42,444 [Worker-49] INFO  o.e.m.c.i.embedder.EclipseLogger - skip non existing resourceDirectory H:\Rapsberry\workspace\bluetooth\src\test\resources
2017-04-13 12:57:47,055 [Worker-55] INFO  o.e.m.c.i.embedder.EclipseLogger - Using 'UTF-8' encoding to copy filtered resources.
2017-04-13 12:57:47,056 [Worker-55] INFO  o.e.m.c.i.embedder.EclipseLogger - skip non existing resourceDirectory H:\Rapsberry\workspace\bluetooth\src\main\resources
2017-04-13 12:57:47,056 [Worker-55] INFO  o.e.m.c.i.embedder.EclipseLogger - Using 'UTF-8' encoding to copy filtered resources.
2017-04-13 12:57:47,056 [Worker-55] INFO  o.e.m.c.i.embedder.EclipseLogger - skip non existing resourceDirectory H:\Rapsberry\workspace\bluetooth\src\test\resources
2017-04-13 12:57:48,139 [Worker-53] INFO  o.e.m.c.i.embedder.EclipseLogger - Using 'UTF-8' encoding to copy filtered resources.
2017-04-13 12:57:48,139 [Worker-53] INFO  o.e.m.c.i.embedder.EclipseLogger - skip non existing resourceDirectory H:\Rapsberry\workspace\bluetooth\src\main\resources
2017-04-13 12:57:48,140 [Worker-53] INFO  o.e.m.c.i.embedder.EclipseLogger - Using 'UTF-8' encoding to copy filtered resources.
2017-04-13 12:57:48,140 [Worker-53] INFO  o.e.m.c.i.embedder.EclipseLogger - skip non existing resourceDirectory H:\Rapsberry\workspace\bluetooth\src\test\resources
2017-04-13 12:58:22,276 [Worker-53] INFO  o.e.m.c.i.embedder.EclipseLogger - Using 'UTF-8' encoding to copy filtered resources.
2017-04-13 12:58:22,276 [Worker-53] INFO  o.e.m.c.i.embedder.EclipseLogger - skip non existing resourceDirectory H:\Rapsberry\workspace\bluetooth\src\main\resources
2017-04-13 12:58:22,280 [Worker-53] INFO  o.e.m.c.i.embedder.EclipseLogger - Using 'UTF-8' encoding to copy filtered resources.
2017-04-13 12:58:22,281 [Worker-53] INFO  o.e.m.c.i.embedder.EclipseLogger - skip non existing resourceDirectory H:\Rapsberry\workspace\bluetooth\src\test\resources
2017-04-13 12:58:31,001 [Worker-53] INFO  o.e.m.c.i.embedder.EclipseLogger - Using 'UTF-8' encoding to copy filtered resources.
2017-04-13 12:58:31,001 [Worker-53] INFO  o.e.m.c.i.embedder.EclipseLogger - skip non existing resourceDirectory H:\Rapsberry\workspace\bluetooth\src\main\resources
2017-04-13 12:58:31,002 [Worker-53] INFO  o.e.m.c.i.embedder.EclipseLogger - Using 'UTF-8' encoding to copy filtered resources.
2017-04-13 12:58:31,002 [Worker-53] INFO  o.e.m.c.i.embedder.EclipseLogger - skip non existing resourceDirectory H:\Rapsberry\workspace\bluetooth\src\test\resources
2017-04-13 13:10:14,102 [Worker-58] INFO  o.e.m.c.i.embedder.EclipseLogger - Using 'UTF-8' encoding to copy filtered resources.
2017-04-13 13:10:14,102 [Worker-58] INFO  o.e.m.c.i.embedder.EclipseLogger - skip non existing resourceDirectory H:\Rapsberry\workspace\bluetooth\src\main\resources
2017-04-13 13:10:14,105 [Worker-58] INFO  o.e.m.c.i.embedder.EclipseLogger - Using 'UTF-8' encoding to copy filtered resources.
2017-04-13 13:10:14,105 [Worker-58] INFO  o.e.m.c.i.embedder.EclipseLogger - skip non existing resourceDirectory H:\Rapsberry\workspace\bluetooth\src\test\resources
2017-04-13 13:10:21,271 [Worker-63] INFO  o.e.m.c.i.embedder.EclipseLogger - Using 'UTF-8' encoding to copy filtered resources.
2017-04-13 13:10:21,272 [Worker-63] INFO  o.e.m.c.i.embedder.EclipseLogger - skip non existing resourceDirectory H:\Rapsberry\workspace\bluetooth\src\main\resources
2017-04-13 13:10:21,272 [Worker-63] INFO  o.e.m.c.i.embedder.EclipseLogger - Using 'UTF-8' encoding to copy filtered resources.
2017-04-13 13:10:21,273 [Worker-63] INFO  o.e.m.c.i.embedder.EclipseLogger - skip non existing resourceDirectory H:\Rapsberry\workspace\bluetooth\src\test\resources
2017-04-13 13:10:53,186 [Worker-64] INFO  o.e.m.c.i.embedder.EclipseLogger - Using 'UTF-8' encoding to copy filtered resources.
2017-04-13 13:10:53,187 [Worker-64] INFO  o.e.m.c.i.embedder.EclipseLogger - skip non existing resourceDirectory H:\Rapsberry\workspace\bluetooth\src\main\resources
2017-04-13 13:10:53,188 [Worker-64] INFO  o.e.m.c.i.embedder.EclipseLogger - Using 'UTF-8' encoding to copy filtered resources.
2017-04-13 13:10:53,188 [Worker-64] INFO  o.e.m.c.i.embedder.EclipseLogger - skip non existing resourceDirectory H:\Rapsberry\workspace\bluetooth\src\test\resources
2017-04-13 13:11:06,222 [Worker-62] INFO  o.e.m.c.i.embedder.EclipseLogger - Using 'UTF-8' encoding to copy filtered resources.
2017-04-13 13:11:06,222 [Worker-62] INFO  o.e.m.c.i.embedder.EclipseLogger - skip non existing resourceDirectory H:\Rapsberry\workspace\bluetooth\src\main\resources
2017-04-13 13:11:06,223 [Worker-62] INFO  o.e.m.c.i.embedder.EclipseLogger - Using 'UTF-8' encoding to copy filtered resources.
2017-04-13 13:11:06,224 [Worker-62] INFO  o.e.m.c.i.embedder.EclipseLogger - skip non existing resourceDirectory H:\Rapsberry\workspace\bluetooth\src\test\resources
2017-04-13 13:11:15,762 [Worker-58] INFO  o.e.m.c.i.embedder.EclipseLogger - Using 'UTF-8' encoding to copy filtered resources.
2017-04-13 13:11:15,762 [Worker-58] INFO  o.e.m.c.i.embedder.EclipseLogger - skip non existing resourceDirectory H:\Rapsberry\workspace\bluetooth\src\main\resources
2017-04-13 13:11:15,764 [Worker-58] INFO  o.e.m.c.i.embedder.EclipseLogger - Using 'UTF-8' encoding to copy filtered resources.
2017-04-13 13:11:15,765 [Worker-58] INFO  o.e.m.c.i.embedder.EclipseLogger - skip non existing resourceDirectory H:\Rapsberry\workspace\bluetooth\src\test\resources
2017-04-13 16:12:27,361 [Worker-4] INFO  o.e.m.c.i.l.LifecycleMappingFactory - Using org.eclipse.m2e.jdt.JarLifecycleMapping lifecycle mapping for MavenProject: com.gunther.rapsberry.bluetooth:bluetooth:0.0.1-SNAPSHOT @ H:\Rapsberry\workspace\bluetooth\pom.xml.
2017-04-13 16:12:28,792 [Worker-4] INFO  o.e.m.c.i.embedder.EclipseLogger - Using 'UTF-8' encoding to copy filtered resources.
2017-04-13 16:12:28,793 [Worker-4] INFO  o.e.m.c.i.embedder.EclipseLogger - skip non existing resourceDirectory H:\Rapsberry\workspace\bluetooth\src\main\resources
2017-04-13 16:12:28,802 [Worker-4] INFO  o.e.m.c.i.embedder.EclipseLogger - Using 'UTF-8' encoding to copy filtered resources.
2017-04-13 16:12:28,802 [Worker-4] INFO  o.e.m.c.i.embedder.EclipseLogger - skip non existing resourceDirectory H:\Rapsberry\workspace\bluetooth\src\test\resources
2017-04-13 16:12:29,528 [Worker-7] INFO  o.e.m.c.i.l.LifecycleMappingFactory - Using org.eclipse.m2e.jdt.JarLifecycleMapping lifecycle mapping for MavenProject: com.gunther.rapsberry.bluetooth:bluetooth:0.0.1-SNAPSHOT @ H:\Rapsberry\workspace\bluetooth\pom.xml.
2017-04-13 16:12:30,240 [Worker-2] INFO  o.e.m.c.i.embedder.EclipseLogger - Using 'UTF-8' encoding to copy filtered resources.
2017-04-13 16:12:30,240 [Worker-2] INFO  o.e.m.c.i.embedder.EclipseLogger - skip non existing resourceDirectory H:\Rapsberry\workspace\bluetooth\src\main\resources
2017-04-13 16:12:30,241 [Worker-2] INFO  o.e.m.c.i.embedder.EclipseLogger - Using 'UTF-8' encoding to copy filtered resources.
2017-04-13 16:12:30,241 [Worker-2] INFO  o.e.m.c.i.embedder.EclipseLogger - skip non existing resourceDirectory H:\Rapsberry\workspace\bluetooth\src\test\resources
2017-04-13 16:13:55,447 [Worker-9] INFO  o.e.m.c.i.e.AbstractTransferListenerAdapter - Downloaded http://repository.pyx4j.com/maven2-snapshot/net/sf/bluecove/bluecove/2.1.1-SNAPSHOT/bluecove-2.1.1-20101024.214840-60-sources.jar
2017-04-13 16:13:55,456 [Worker-9] ERROR o.e.m.j.internal.DownloadSourcesJob - Could not download sources for net.sf.bluecove:bluecove:2.1.1-SNAPSHOT
org.eclipse.core.runtime.CoreException: Could not resolve artifact net.sf.bluecove:bluecove:jar:sources:2.1.1-SNAPSHOT
	at org.eclipse.m2e.core.internal.embedder.MavenImpl$5.call(MavenImpl.java:776) ~[org.eclipse.m2e.core_1.7.0.20160603-1933.jar:na]
	at org.eclipse.m2e.core.internal.embedder.MavenImpl$5.call(MavenImpl.java:1) ~[org.eclipse.m2e.core_1.7.0.20160603-1933.jar:na]
	at org.eclipse.m2e.core.internal.embedder.MavenExecutionContext.executeBare(MavenExecutionContext.java:176) [org.eclipse.m2e.core_1.7.0.20160603-1933.jar:na]
	at org.eclipse.m2e.core.internal.embedder.MavenExecutionContext.execute(MavenExecutionContext.java:112) [org.eclipse.m2e.core_1.7.0.20160603-1933.jar:na]
	at org.eclipse.m2e.core.internal.embedder.MavenExecutionContext.execute(MavenExecutionContext.java:99) [org.eclipse.m2e.core_1.7.0.20160603-1933.jar:na]
	at org.eclipse.m2e.core.internal.embedder.MavenImpl.resolve(MavenImpl.java:743) [org.eclipse.m2e.core_1.7.0.20160603-1933.jar:na]
	at org.eclipse.m2e.core.internal.embedder.MavenImpl.resolve(MavenImpl.java:720) [org.eclipse.m2e.core_1.7.0.20160603-1933.jar:na]
	at org.eclipse.m2e.jdt.internal.DownloadSourcesJob.download(DownloadSourcesJob.java:249) [org.eclipse.m2e.jdt_1.7.0.20160603-1933.jar:na]
	at org.eclipse.m2e.jdt.internal.DownloadSourcesJob.downloadAttachments(DownloadSourcesJob.java:228) [org.eclipse.m2e.jdt_1.7.0.20160603-1933.jar:na]
	at org.eclipse.m2e.jdt.internal.DownloadSourcesJob.downloadMaven(DownloadSourcesJob.java:202) [org.eclipse.m2e.jdt_1.7.0.20160603-1933.jar:na]
	at org.eclipse.m2e.jdt.internal.DownloadSourcesJob.run(DownloadSourcesJob.java:153) [org.eclipse.m2e.jdt_1.7.0.20160603-1933.jar:na]
	at org.eclipse.m2e.jdt.internal.DownloadSourcesJob$1.call(DownloadSourcesJob.java:136) [org.eclipse.m2e.jdt_1.7.0.20160603-1933.jar:na]
	at org.eclipse.m2e.jdt.internal.DownloadSourcesJob$1.call(DownloadSourcesJob.java:1) [org.eclipse.m2e.jdt_1.7.0.20160603-1933.jar:na]
	at org.eclipse.m2e.core.internal.embedder.MavenExecutionContext.executeBare(MavenExecutionContext.java:176) [org.eclipse.m2e.core_1.7.0.20160603-1933.jar:na]
	at org.eclipse.m2e.core.internal.embedder.MavenExecutionContext.execute(MavenExecutionContext.java:151) [org.eclipse.m2e.core_1.7.0.20160603-1933.jar:na]
	at org.eclipse.m2e.core.internal.embedder.MavenExecutionContext.execute(MavenExecutionContext.java:99) [org.eclipse.m2e.core_1.7.0.20160603-1933.jar:na]
	at org.eclipse.m2e.core.internal.embedder.MavenImpl.execute(MavenImpl.java:1355) [org.eclipse.m2e.core_1.7.0.20160603-1933.jar:na]
	at org.eclipse.m2e.jdt.internal.DownloadSourcesJob.run(DownloadSourcesJob.java:134) [org.eclipse.m2e.jdt_1.7.0.20160603-1933.jar:na]
	at org.eclipse.core.internal.jobs.Worker.run(Worker.java:55) [org.eclipse.core.jobs_3.8.0.v20160509-0411.jar:na]
2017-04-13 16:13:55,637 [Worker-6] INFO  o.e.m.c.i.embedder.EclipseLogger - Using 'UTF-8' encoding to copy filtered resources.
2017-04-13 16:13:55,637 [Worker-6] INFO  o.e.m.c.i.embedder.EclipseLogger - skip non existing resourceDirectory H:\Rapsberry\workspace\bluetooth\src\main\resources
2017-04-13 16:13:55,639 [Worker-6] INFO  o.e.m.c.i.embedder.EclipseLogger - Using 'UTF-8' encoding to copy filtered resources.
2017-04-13 16:13:55,639 [Worker-6] INFO  o.e.m.c.i.embedder.EclipseLogger - skip non existing resourceDirectory H:\Rapsberry\workspace\bluetooth\src\test\resources
2017-04-13 16:42:58,175 [Worker-14] INFO  o.e.m.c.i.embedder.EclipseLogger - Using 'UTF-8' encoding to copy filtered resources.
2017-04-13 16:42:58,175 [Worker-14] INFO  o.e.m.c.i.embedder.EclipseLogger - skip non existing resourceDirectory H:\Rapsberry\workspace\bluetooth\src\main\resources
2017-04-13 16:42:58,177 [Worker-14] INFO  o.e.m.c.i.embedder.EclipseLogger - Using 'UTF-8' encoding to copy filtered resources.
2017-04-13 16:42:58,177 [Worker-14] INFO  o.e.m.c.i.embedder.EclipseLogger - skip non existing resourceDirectory H:\Rapsberry\workspace\bluetooth\src\test\resources
2017-04-13 16:43:06,771 [Worker-17] INFO  o.e.m.c.i.embedder.EclipseLogger - Using 'UTF-8' encoding to copy filtered resources.
2017-04-13 16:43:06,771 [Worker-17] INFO  o.e.m.c.i.embedder.EclipseLogger - skip non existing resourceDirectory H:\Rapsberry\workspace\bluetooth\src\main\resources
2017-04-13 16:43:06,773 [Worker-17] INFO  o.e.m.c.i.embedder.EclipseLogger - Using 'UTF-8' encoding to copy filtered resources.
2017-04-13 16:43:06,773 [Worker-17] INFO  o.e.m.c.i.embedder.EclipseLogger - skip non existing resourceDirectory H:\Rapsberry\workspace\bluetooth\src\test\resources
2017-04-13 18:14:34,263 [Worker-15] INFO  o.e.m.c.i.embedder.EclipseLogger - Using 'UTF-8' encoding to copy filtered resources.
2017-04-13 18:14:34,267 [Worker-15] INFO  o.e.m.c.i.embedder.EclipseLogger - skip non existing resourceDirectory H:\Rapsberry\workspace\bluetooth\src\main\resources
2017-04-13 18:14:34,269 [Worker-15] INFO  o.e.m.c.i.embedder.EclipseLogger - Using 'UTF-8' encoding to copy filtered resources.
2017-04-13 18:14:34,269 [Worker-15] INFO  o.e.m.c.i.embedder.EclipseLogger - skip non existing resourceDirectory H:\Rapsberry\workspace\bluetooth\src\test\resources
2017-04-13 18:22:19,187 [Worker-21] INFO  o.e.m.c.i.embedder.EclipseLogger - Using 'UTF-8' encoding to copy filtered resources.
2017-04-13 18:22:19,187 [Worker-21] INFO  o.e.m.c.i.embedder.EclipseLogger - skip non existing resourceDirectory H:\Rapsberry\workspace\bluetooth\src\main\resources
2017-04-13 18:22:19,191 [Worker-21] INFO  o.e.m.c.i.embedder.EclipseLogger - Using 'UTF-8' encoding to copy filtered resources.
2017-04-13 18:22:19,191 [Worker-21] INFO  o.e.m.c.i.embedder.EclipseLogger - skip non existing resourceDirectory H:\Rapsberry\workspace\bluetooth\src\test\resources
2017-04-13 18:22:32,663 [Worker-20] INFO  o.e.m.c.i.embedder.EclipseLogger - Using 'UTF-8' encoding to copy filtered resources.
2017-04-13 18:22:32,664 [Worker-20] INFO  o.e.m.c.i.embedder.EclipseLogger - skip non existing resourceDirectory H:\Rapsberry\workspace\bluetooth\src\main\resources
2017-04-13 18:22:32,665 [Worker-20] INFO  o.e.m.c.i.embedder.EclipseLogger - Using 'UTF-8' encoding to copy filtered resources.
2017-04-13 18:22:32,665 [Worker-20] INFO  o.e.m.c.i.embedder.EclipseLogger - skip non existing resourceDirectory H:\Rapsberry\workspace\bluetooth\src\test\resources
2017-04-13 18:22:38,880 [Worker-19] INFO  o.e.m.c.i.embedder.EclipseLogger - Using 'UTF-8' encoding to copy filtered resources.
2017-04-13 18:22:38,880 [Worker-19] INFO  o.e.m.c.i.embedder.EclipseLogger - skip non existing resourceDirectory H:\Rapsberry\workspace\bluetooth\src\main\resources
2017-04-13 18:22:38,881 [Worker-19] INFO  o.e.m.c.i.embedder.EclipseLogger - Using 'UTF-8' encoding to copy filtered resources.
2017-04-13 18:22:38,882 [Worker-19] INFO  o.e.m.c.i.embedder.EclipseLogger - skip non existing resourceDirectory H:\Rapsberry\workspace\bluetooth\src\test\resources
2017-04-13 18:24:26,224 [Worker-21] INFO  o.e.m.c.i.embedder.EclipseLogger - Using 'UTF-8' encoding to copy filtered resources.
2017-04-13 18:24:26,224 [Worker-21] INFO  o.e.m.c.i.embedder.EclipseLogger - skip non existing resourceDirectory H:\Rapsberry\workspace\bluetooth\src\main\resources
2017-04-13 18:24:26,225 [Worker-21] INFO  o.e.m.c.i.embedder.EclipseLogger - Using 'UTF-8' encoding to copy filtered resources.
2017-04-13 18:24:26,226 [Worker-21] INFO  o.e.m.c.i.embedder.EclipseLogger - skip non existing resourceDirectory H:\Rapsberry\workspace\bluetooth\src\test\resources
2017-04-13 18:28:50,420 [Worker-21] INFO  o.e.m.c.i.embedder.EclipseLogger - Using 'UTF-8' encoding to copy filtered resources.
2017-04-13 18:28:50,420 [Worker-21] INFO  o.e.m.c.i.embedder.EclipseLogger - skip non existing resourceDirectory H:\Rapsberry\workspace\bluetooth\src\main\resources
2017-04-13 18:28:50,422 [Worker-21] INFO  o.e.m.c.i.embedder.EclipseLogger - Using 'UTF-8' encoding to copy filtered resources.
2017-04-13 18:28:50,422 [Worker-21] INFO  o.e.m.c.i.embedder.EclipseLogger - skip non existing resourceDirectory H:\Rapsberry\workspace\bluetooth\src\test\resources
2017-04-20 20:50:07,193 [Worker-2] INFO  o.e.m.c.i.l.LifecycleMappingFactory - Using org.eclipse.m2e.jdt.JarLifecycleMapping lifecycle mapping for MavenProject: com.gunther.rapsberry.bluetooth:bluetooth:0.0.1-SNAPSHOT @ F:\Projet\rapsberry\platform-rapsberry-pi\workspace\bluetooth\pom.xml.
2017-04-20 20:50:08,306 [Worker-2] INFO  o.e.m.c.i.e.AbstractTransferListenerAdapter - Downloading http://repository.pyx4j.com/maven2-snapshot/net/sf/bluecove/bluecove/2.1.1-SNAPSHOT/maven-metadata.xml
2017-04-20 20:50:08,556 [Worker-2] INFO  o.e.m.c.i.e.AbstractTransferListenerAdapter - Downloaded http://repository.pyx4j.com/maven2-snapshot/net/sf/bluecove/bluecove/2.1.1-SNAPSHOT/maven-metadata.xml
2017-04-20 20:50:08,809 [Worker-2] INFO  o.e.m.c.i.e.AbstractTransferListenerAdapter - Downloading http://repository.pyx4j.com/maven2-snapshot/net/sf/bluecove/bluecove/2.1.1-SNAPSHOT/bluecove-2.1.1-20101024.214840-60.pom
2017-04-20 20:50:09,451 [Worker-2] INFO  o.e.m.c.i.e.AbstractTransferListenerAdapter - Downloaded http://repository.pyx4j.com/maven2-snapshot/net/sf/bluecove/bluecove/2.1.1-SNAPSHOT/bluecove-2.1.1-20101024.214840-60.pom
2017-04-20 20:50:09,758 [Worker-2] INFO  o.e.m.c.i.e.AbstractTransferListenerAdapter - Downloading http://repository.pyx4j.com/maven2-snapshot/net/sf/bluecove/bluecove-parent/2.1.1-SNAPSHOT/maven-metadata.xml
2017-04-20 20:50:10,001 [Worker-2] INFO  o.e.m.c.i.e.AbstractTransferListenerAdapter - Downloaded http://repository.pyx4j.com/maven2-snapshot/net/sf/bluecove/bluecove-parent/2.1.1-SNAPSHOT/maven-metadata.xml
2017-04-20 20:50:10,240 [Worker-2] INFO  o.e.m.c.i.e.AbstractTransferListenerAdapter - Downloading http://repository.pyx4j.com/maven2-snapshot/net/sf/bluecove/bluecove-parent/2.1.1-SNAPSHOT/bluecove-parent-2.1.1-20101025.080249-64.pom
2017-04-20 20:50:10,783 [Worker-2] INFO  o.e.m.c.i.e.AbstractTransferListenerAdapter - Downloaded http://repository.pyx4j.com/maven2-snapshot/net/sf/bluecove/bluecove-parent/2.1.1-SNAPSHOT/bluecove-parent-2.1.1-20101025.080249-64.pom
2017-04-20 20:50:11,034 [Worker-2] INFO  o.e.m.c.i.e.AbstractTransferListenerAdapter - Downloading http://repository.pyx4j.com/maven2-snapshot/net/sf/bluecove/bluecove/2.1.1-SNAPSHOT/bluecove-2.1.1-20101024.214840-60.jar
2017-04-20 20:50:12,883 [Worker-2] INFO  o.e.m.c.i.e.AbstractTransferListenerAdapter - Downloaded http://repository.pyx4j.com/maven2-snapshot/net/sf/bluecove/bluecove/2.1.1-SNAPSHOT/bluecove-2.1.1-20101024.214840-60.jar
2017-04-20 20:50:13,239 [Worker-2] INFO  o.e.m.c.i.embedder.EclipseLogger - Using 'UTF-8' encoding to copy filtered resources.
2017-04-20 20:50:13,240 [Worker-2] INFO  o.e.m.c.i.embedder.EclipseLogger - skip non existing resourceDirectory F:\Projet\rapsberry\platform-rapsberry-pi\workspace\bluetooth\src\main\resources
2017-04-20 20:50:13,242 [Worker-2] INFO  o.e.m.c.i.embedder.EclipseLogger - Using 'UTF-8' encoding to copy filtered resources.
2017-04-20 20:50:13,242 [Worker-2] INFO  o.e.m.c.i.embedder.EclipseLogger - skip non existing resourceDirectory F:\Projet\rapsberry\platform-rapsberry-pi\workspace\bluetooth\src\test\resources
2017-04-20 20:50:15,649 [Worker-3] INFO  o.e.m.c.i.embedder.EclipseLogger - Using 'UTF-8' encoding to copy filtered resources.
2017-04-20 20:50:15,652 [Worker-3] INFO  o.e.m.c.i.embedder.EclipseLogger - skip non existing resourceDirectory F:\Projet\rapsberry\platform-rapsberry-pi\workspace\bluetooth\src\main\resources
2017-04-20 20:50:15,656 [Worker-3] INFO  o.e.m.c.i.embedder.EclipseLogger - Using 'UTF-8' encoding to copy filtered resources.
2017-04-20 20:50:15,656 [Worker-3] INFO  o.e.m.c.i.embedder.EclipseLogger - skip non existing resourceDirectory F:\Projet\rapsberry\platform-rapsberry-pi\workspace\bluetooth\src\test\resources
2017-04-25 18:58:01,737 [Worker-11] INFO  o.e.m.c.i.l.LifecycleMappingFactory - Using org.eclipse.m2e.jdt.JarLifecycleMapping lifecycle mapping for MavenProject: com.gunther.rapsberry.bluetooth:bluetooth:0.0.1-SNAPSHOT @ F:\Projet\rapsberry\platform-rapsberry-pi\workspace\bluetooth\pom.xml.
2017-04-25 18:58:03,435 [Worker-11] INFO  o.e.m.c.i.embedder.EclipseLogger - Using 'UTF-8' encoding to copy filtered resources.
2017-04-25 18:58:03,435 [Worker-11] INFO  o.e.m.c.i.embedder.EclipseLogger - skip non existing resourceDirectory F:\Projet\rapsberry\platform-rapsberry-pi\workspace\bluetooth\src\main\resources
2017-04-25 18:58:03,436 [Worker-11] INFO  o.e.m.c.i.embedder.EclipseLogger - Using 'UTF-8' encoding to copy filtered resources.
2017-04-25 18:58:03,437 [Worker-11] INFO  o.e.m.c.i.embedder.EclipseLogger - skip non existing resourceDirectory F:\Projet\rapsberry\platform-rapsberry-pi\workspace\bluetooth\src\test\resources
2017-04-25 19:29:40,747 [Worker-5] INFO  o.e.m.c.i.embedder.EclipseLogger - Using 'UTF-8' encoding to copy filtered resources.
2017-04-25 19:29:40,747 [Worker-5] INFO  o.e.m.c.i.embedder.EclipseLogger - skip non existing resourceDirectory F:\Projet\rapsberry\platform-rapsberry-pi\workspace\bluetooth\src\main\resources
2017-04-25 19:29:40,748 [Worker-5] INFO  o.e.m.c.i.embedder.EclipseLogger - Using 'UTF-8' encoding to copy filtered resources.
2017-04-25 19:29:40,749 [Worker-5] INFO  o.e.m.c.i.embedder.EclipseLogger - skip non existing resourceDirectory F:\Projet\rapsberry\platform-rapsberry-pi\workspace\bluetooth\src\test\resources
2017-04-25 19:29:46,360 [Worker-24] INFO  o.e.m.c.i.embedder.EclipseLogger - Using 'UTF-8' encoding to copy filtered resources.
2017-04-25 19:29:46,360 [Worker-24] INFO  o.e.m.c.i.embedder.EclipseLogger - skip non existing resourceDirectory F:\Projet\rapsberry\platform-rapsberry-pi\workspace\bluetooth\src\main\resources
2017-04-25 19:29:46,361 [Worker-24] INFO  o.e.m.c.i.embedder.EclipseLogger - Using 'UTF-8' encoding to copy filtered resources.
2017-04-25 19:29:46,361 [Worker-24] INFO  o.e.m.c.i.embedder.EclipseLogger - skip non existing resourceDirectory F:\Projet\rapsberry\platform-rapsberry-pi\workspace\bluetooth\src\test\resources
2017-04-25 19:29:49,696 [Worker-24] INFO  o.e.m.c.i.embedder.EclipseLogger - Using 'UTF-8' encoding to copy filtered resources.
2017-04-25 19:29:49,696 [Worker-24] INFO  o.e.m.c.i.embedder.EclipseLogger - skip non existing resourceDirectory F:\Projet\rapsberry\platform-rapsberry-pi\workspace\bluetooth\src\main\resources
2017-04-25 19:29:49,696 [Worker-24] INFO  o.e.m.c.i.embedder.EclipseLogger - Using 'UTF-8' encoding to copy filtered resources.
2017-04-25 19:29:49,697 [Worker-24] INFO  o.e.m.c.i.embedder.EclipseLogger - skip non existing resourceDirectory F:\Projet\rapsberry\platform-rapsberry-pi\workspace\bluetooth\src\test\resources
2017-04-25 19:29:50,875 [Worker-5] INFO  o.e.m.c.i.embedder.EclipseLogger - Using 'UTF-8' encoding to copy filtered resources.
2017-04-25 19:29:50,875 [Worker-5] INFO  o.e.m.c.i.embedder.EclipseLogger - skip non existing resourceDirectory F:\Projet\rapsberry\platform-rapsberry-pi\workspace\bluetooth\src\main\resources
2017-04-25 19:29:50,875 [Worker-5] INFO  o.e.m.c.i.embedder.EclipseLogger - Using 'UTF-8' encoding to copy filtered resources.
2017-04-25 19:29:50,876 [Worker-5] INFO  o.e.m.c.i.embedder.EclipseLogger - skip non existing resourceDirectory F:\Projet\rapsberry\platform-rapsberry-pi\workspace\bluetooth\src\test\resources
2017-04-25 19:29:51,941 [Worker-23] INFO  o.e.m.c.i.embedder.EclipseLogger - Using 'UTF-8' encoding to copy filtered resources.
2017-04-25 19:29:51,941 [Worker-23] INFO  o.e.m.c.i.embedder.EclipseLogger - skip non existing resourceDirectory F:\Projet\rapsberry\platform-rapsberry-pi\workspace\bluetooth\src\main\resources
2017-04-25 19:29:51,942 [Worker-23] INFO  o.e.m.c.i.embedder.EclipseLogger - Using 'UTF-8' encoding to copy filtered resources.
2017-04-25 19:29:51,942 [Worker-23] INFO  o.e.m.c.i.embedder.EclipseLogger - skip non existing resourceDirectory F:\Projet\rapsberry\platform-rapsberry-pi\workspace\bluetooth\src\test\resources
2017-04-25 19:30:07,034 [Worker-23] INFO  o.e.m.c.i.embedder.EclipseLogger - Using 'UTF-8' encoding to copy filtered resources.
2017-04-25 19:30:07,034 [Worker-23] INFO  o.e.m.c.i.embedder.EclipseLogger - skip non existing resourceDirectory F:\Projet\rapsberry\platform-rapsberry-pi\workspace\bluetooth\src\main\resources
2017-04-25 19:30:07,035 [Worker-23] INFO  o.e.m.c.i.embedder.EclipseLogger - Using 'UTF-8' encoding to copy filtered resources.
2017-04-25 19:30:07,035 [Worker-23] INFO  o.e.m.c.i.embedder.EclipseLogger - skip non existing resourceDirectory F:\Projet\rapsberry\platform-rapsberry-pi\workspace\bluetooth\src\test\resources
2017-04-25 19:30:10,427 [Worker-25] INFO  o.e.m.c.i.embedder.EclipseLogger - Using 'UTF-8' encoding to copy filtered resources.
2017-04-25 19:30:10,428 [Worker-25] INFO  o.e.m.c.i.embedder.EclipseLogger - skip non existing resourceDirectory F:\Projet\rapsberry\platform-rapsberry-pi\workspace\bluetooth\src\main\resources
2017-04-25 19:30:10,429 [Worker-25] INFO  o.e.m.c.i.embedder.EclipseLogger - Using 'UTF-8' encoding to copy filtered resources.
2017-04-25 19:30:10,430 [Worker-25] INFO  o.e.m.c.i.embedder.EclipseLogger - skip non existing resourceDirectory F:\Projet\rapsberry\platform-rapsberry-pi\workspace\bluetooth\src\test\resources
2017-04-25 22:56:26,811 [Worker-72] INFO  o.e.m.c.i.embedder.EclipseLogger - Using 'UTF-8' encoding to copy filtered resources.
2017-04-25 22:56:26,812 [Worker-72] INFO  o.e.m.c.i.embedder.EclipseLogger - skip non existing resourceDirectory F:\Projet\rapsberry\platform-rapsberry-pi\workspace\bluetooth\src\main\resources
2017-04-25 22:56:26,813 [Worker-72] INFO  o.e.m.c.i.embedder.EclipseLogger - Using 'UTF-8' encoding to copy filtered resources.
2017-04-25 22:56:26,813 [Worker-72] INFO  o.e.m.c.i.embedder.EclipseLogger - skip non existing resourceDirectory F:\Projet\rapsberry\platform-rapsberry-pi\workspace\bluetooth\src\test\resources
2017-04-25 23:18:03,722 [Worker-85] INFO  o.e.m.c.i.embedder.EclipseLogger - Using 'UTF-8' encoding to copy filtered resources.
2017-04-25 23:18:03,724 [Worker-85] INFO  o.e.m.c.i.embedder.EclipseLogger - skip non existing resourceDirectory F:\Projet\rapsberry\platform-rapsberry-pi\workspace\bluetooth\src\main\resources
2017-04-25 23:18:03,725 [Worker-85] INFO  o.e.m.c.i.embedder.EclipseLogger - Using 'UTF-8' encoding to copy filtered resources.
2017-04-25 23:18:03,725 [Worker-85] INFO  o.e.m.c.i.embedder.EclipseLogger - skip non existing resourceDirectory F:\Projet\rapsberry\platform-rapsberry-pi\workspace\bluetooth\src\test\resources
2017-04-25 23:18:09,747 [Worker-83] INFO  o.e.m.c.i.embedder.EclipseLogger - Using 'UTF-8' encoding to copy filtered resources.
2017-04-25 23:18:09,747 [Worker-83] INFO  o.e.m.c.i.embedder.EclipseLogger - skip non existing resourceDirectory F:\Projet\rapsberry\platform-rapsberry-pi\workspace\bluetooth\src\main\resources
2017-04-25 23:18:09,748 [Worker-83] INFO  o.e.m.c.i.embedder.EclipseLogger - Using 'UTF-8' encoding to copy filtered resources.
2017-04-25 23:18:09,748 [Worker-83] INFO  o.e.m.c.i.embedder.EclipseLogger - skip non existing resourceDirectory F:\Projet\rapsberry\platform-rapsberry-pi\workspace\bluetooth\src\test\resources
2017-04-25 23:19:54,143 [Worker-81] INFO  o.e.m.c.i.embedder.EclipseLogger - Using 'UTF-8' encoding to copy filtered resources.
2017-04-25 23:19:54,143 [Worker-81] INFO  o.e.m.c.i.embedder.EclipseLogger - skip non existing resourceDirectory F:\Projet\rapsberry\platform-rapsberry-pi\workspace\bluetooth\src\main\resources
2017-04-25 23:19:54,144 [Worker-81] INFO  o.e.m.c.i.embedder.EclipseLogger - Using 'UTF-8' encoding to copy filtered resources.
2017-04-25 23:19:54,144 [Worker-81] INFO  o.e.m.c.i.embedder.EclipseLogger - skip non existing resourceDirectory F:\Projet\rapsberry\platform-rapsberry-pi\workspace\bluetooth\src\test\resources
2017-04-25 23:19:59,704 [Worker-85] INFO  o.e.m.c.i.embedder.EclipseLogger - Using 'UTF-8' encoding to copy filtered resources.
2017-04-25 23:19:59,704 [Worker-85] INFO  o.e.m.c.i.embedder.EclipseLogger - skip non existing resourceDirectory F:\Projet\rapsberry\platform-rapsberry-pi\workspace\bluetooth\src\main\resources
2017-04-25 23:19:59,705 [Worker-85] INFO  o.e.m.c.i.embedder.EclipseLogger - Using 'UTF-8' encoding to copy filtered resources.
2017-04-25 23:19:59,705 [Worker-85] INFO  o.e.m.c.i.embedder.EclipseLogger - skip non existing resourceDirectory F:\Projet\rapsberry\platform-rapsberry-pi\workspace\bluetooth\src\test\resources
2017-04-25 23:20:29,535 [Worker-88] INFO  o.e.m.c.i.embedder.EclipseLogger - Using 'UTF-8' encoding to copy filtered resources.
2017-04-25 23:20:29,535 [Worker-88] INFO  o.e.m.c.i.embedder.EclipseLogger - skip non existing resourceDirectory F:\Projet\rapsberry\platform-rapsberry-pi\workspace\bluetooth\src\main\resources
2017-04-25 23:20:29,536 [Worker-88] INFO  o.e.m.c.i.embedder.EclipseLogger - Using 'UTF-8' encoding to copy filtered resources.
2017-04-25 23:20:29,536 [Worker-88] INFO  o.e.m.c.i.embedder.EclipseLogger - skip non existing resourceDirectory F:\Projet\rapsberry\platform-rapsberry-pi\workspace\bluetooth\src\test\resources
2017-04-25 23:20:37,784 [Worker-85] INFO  o.e.m.c.i.embedder.EclipseLogger - Using 'UTF-8' encoding to copy filtered resources.
2017-04-25 23:20:37,784 [Worker-85] INFO  o.e.m.c.i.embedder.EclipseLogger - skip non existing resourceDirectory F:\Projet\rapsberry\platform-rapsberry-pi\workspace\bluetooth\src\main\resources
2017-04-25 23:20:37,785 [Worker-85] INFO  o.e.m.c.i.embedder.EclipseLogger - Using 'UTF-8' encoding to copy filtered resources.
2017-04-25 23:20:37,785 [Worker-85] INFO  o.e.m.c.i.embedder.EclipseLogger - skip non existing resourceDirectory F:\Projet\rapsberry\platform-rapsberry-pi\workspace\bluetooth\src\test\resources
2017-04-25 23:20:41,766 [Worker-83] INFO  o.e.m.c.i.embedder.EclipseLogger - Using 'UTF-8' encoding to copy filtered resources.
2017-04-25 23:20:41,767 [Worker-83] INFO  o.e.m.c.i.embedder.EclipseLogger - skip non existing resourceDirectory F:\Projet\rapsberry\platform-rapsberry-pi\workspace\bluetooth\src\main\resources
2017-04-25 23:20:41,769 [Worker-83] INFO  o.e.m.c.i.embedder.EclipseLogger - Using 'UTF-8' encoding to copy filtered resources.
2017-04-25 23:20:41,769 [Worker-83] INFO  o.e.m.c.i.embedder.EclipseLogger - skip non existing resourceDirectory F:\Projet\rapsberry\platform-rapsberry-pi\workspace\bluetooth\src\test\resources
2017-04-25 23:20:55,942 [Worker-84] INFO  o.e.m.c.i.embedder.EclipseLogger - Using 'UTF-8' encoding to copy filtered resources.
2017-04-25 23:20:55,942 [Worker-84] INFO  o.e.m.c.i.embedder.EclipseLogger - skip non existing resourceDirectory F:\Projet\rapsberry\platform-rapsberry-pi\workspace\bluetooth\src\main\resources
2017-04-25 23:20:55,943 [Worker-84] INFO  o.e.m.c.i.embedder.EclipseLogger - Using 'UTF-8' encoding to copy filtered resources.
2017-04-25 23:20:55,943 [Worker-84] INFO  o.e.m.c.i.embedder.EclipseLogger - skip non existing resourceDirectory F:\Projet\rapsberry\platform-rapsberry-pi\workspace\bluetooth\src\test\resources
2017-04-25 23:21:58,923 [Worker-83] INFO  o.e.m.c.i.embedder.EclipseLogger - Using 'UTF-8' encoding to copy filtered resources.
2017-04-25 23:21:58,923 [Worker-83] INFO  o.e.m.c.i.embedder.EclipseLogger - skip non existing resourceDirectory F:\Projet\rapsberry\platform-rapsberry-pi\workspace\bluetooth\src\main\resources
2017-04-25 23:21:58,924 [Worker-83] INFO  o.e.m.c.i.embedder.EclipseLogger - Using 'UTF-8' encoding to copy filtered resources.
2017-04-25 23:21:58,924 [Worker-83] INFO  o.e.m.c.i.embedder.EclipseLogger - skip non existing resourceDirectory F:\Projet\rapsberry\platform-rapsberry-pi\workspace\bluetooth\src\test\resources
2017-04-25 23:22:09,441 [Worker-87] INFO  o.e.m.c.i.embedder.EclipseLogger - Using 'UTF-8' encoding to copy filtered resources.
2017-04-25 23:22:09,441 [Worker-87] INFO  o.e.m.c.i.embedder.EclipseLogger - skip non existing resourceDirectory F:\Projet\rapsberry\platform-rapsberry-pi\workspace\bluetooth\src\main\resources
2017-04-25 23:22:09,442 [Worker-87] INFO  o.e.m.c.i.embedder.EclipseLogger - Using 'UTF-8' encoding to copy filtered resources.
2017-04-25 23:22:09,442 [Worker-87] INFO  o.e.m.c.i.embedder.EclipseLogger - skip non existing resourceDirectory F:\Projet\rapsberry\platform-rapsberry-pi\workspace\bluetooth\src\test\resources
2017-04-25 23:33:41,126 [Worker-93] INFO  o.e.m.c.i.embedder.EclipseLogger - Using 'UTF-8' encoding to copy filtered resources.
2017-04-25 23:33:41,127 [Worker-93] INFO  o.e.m.c.i.embedder.EclipseLogger - skip non existing resourceDirectory F:\Projet\rapsberry\platform-rapsberry-pi\workspace\bluetooth\src\main\resources
2017-04-25 23:33:41,127 [Worker-93] INFO  o.e.m.c.i.embedder.EclipseLogger - Using 'UTF-8' encoding to copy filtered resources.
2017-04-25 23:33:41,127 [Worker-93] INFO  o.e.m.c.i.embedder.EclipseLogger - skip non existing resourceDirectory F:\Projet\rapsberry\platform-rapsberry-pi\workspace\bluetooth\src\test\resources
2017-04-25 23:35:28,939 [Worker-95] INFO  o.e.m.c.i.embedder.EclipseLogger - Using 'UTF-8' encoding to copy filtered resources.
2017-04-25 23:35:28,939 [Worker-95] INFO  o.e.m.c.i.embedder.EclipseLogger - skip non existing resourceDirectory F:\Projet\rapsberry\platform-rapsberry-pi\workspace\bluetooth\src\main\resources
2017-04-25 23:35:28,940 [Worker-95] INFO  o.e.m.c.i.embedder.EclipseLogger - Using 'UTF-8' encoding to copy filtered resources.
2017-04-25 23:35:28,940 [Worker-95] INFO  o.e.m.c.i.embedder.EclipseLogger - skip non existing resourceDirectory F:\Projet\rapsberry\platform-rapsberry-pi\workspace\bluetooth\src\test\resources
2017-04-25 23:35:40,053 [Worker-93] INFO  o.e.m.c.i.embedder.EclipseLogger - Using 'UTF-8' encoding to copy filtered resources.
2017-04-25 23:35:40,054 [Worker-93] INFO  o.e.m.c.i.embedder.EclipseLogger - skip non existing resourceDirectory F:\Projet\rapsberry\platform-rapsberry-pi\workspace\bluetooth\src\main\resources
2017-04-25 23:35:40,054 [Worker-93] INFO  o.e.m.c.i.embedder.EclipseLogger - Using 'UTF-8' encoding to copy filtered resources.
2017-04-25 23:35:40,054 [Worker-93] INFO  o.e.m.c.i.embedder.EclipseLogger - skip non existing resourceDirectory F:\Projet\rapsberry\platform-rapsberry-pi\workspace\bluetooth\src\test\resources
2017-04-25 23:35:48,853 [Worker-94] INFO  o.e.m.c.i.embedder.EclipseLogger - Using 'UTF-8' encoding to copy filtered resources.
2017-04-25 23:35:48,853 [Worker-94] INFO  o.e.m.c.i.embedder.EclipseLogger - skip non existing resourceDirectory F:\Projet\rapsberry\platform-rapsberry-pi\workspace\bluetooth\src\main\resources
2017-04-25 23:35:48,854 [Worker-94] INFO  o.e.m.c.i.embedder.EclipseLogger - Using 'UTF-8' encoding to copy filtered resources.
2017-04-25 23:35:48,854 [Worker-94] INFO  o.e.m.c.i.embedder.EclipseLogger - skip non existing resourceDirectory F:\Projet\rapsberry\platform-rapsberry-pi\workspace\bluetooth\src\test\resources
2017-04-25 23:36:03,121 [Worker-88] INFO  o.e.m.c.i.embedder.EclipseLogger - Using 'UTF-8' encoding to copy filtered resources.
2017-04-25 23:36:03,121 [Worker-88] INFO  o.e.m.c.i.embedder.EclipseLogger - skip non existing resourceDirectory F:\Projet\rapsberry\platform-rapsberry-pi\workspace\bluetooth\src\main\resources
2017-04-25 23:36:03,121 [Worker-88] INFO  o.e.m.c.i.embedder.EclipseLogger - Using 'UTF-8' encoding to copy filtered resources.
2017-04-25 23:36:03,121 [Worker-88] INFO  o.e.m.c.i.embedder.EclipseLogger - skip non existing resourceDirectory F:\Projet\rapsberry\platform-rapsberry-pi\workspace\bluetooth\src\test\resources
2017-04-25 23:36:06,346 [Worker-88] INFO  o.e.m.c.i.embedder.EclipseLogger - Using 'UTF-8' encoding to copy filtered resources.
2017-04-25 23:36:06,346 [Worker-88] INFO  o.e.m.c.i.embedder.EclipseLogger - skip non existing resourceDirectory F:\Projet\rapsberry\platform-rapsberry-pi\workspace\bluetooth\src\main\resources
2017-04-25 23:36:06,347 [Worker-88] INFO  o.e.m.c.i.embedder.EclipseLogger - Using 'UTF-8' encoding to copy filtered resources.
2017-04-25 23:36:06,347 [Worker-88] INFO  o.e.m.c.i.embedder.EclipseLogger - skip non existing resourceDirectory F:\Projet\rapsberry\platform-rapsberry-pi\workspace\bluetooth\src\test\resources
2017-04-25 23:49:47,716 [Worker-103] INFO  o.e.m.c.i.l.LifecycleMappingFactory - Using org.eclipse.m2e.jdt.JarLifecycleMapping lifecycle mapping for MavenProject: com.gunther.rapsberry.bluetooth:bluetooth:0.0.1-SNAPSHOT @ F:\Projet\rapsberry\platform-rapsberry-pi\workspace\bluetooth\pom.xml.
2017-04-25 23:49:48,544 [Worker-103] INFO  o.e.m.c.i.embedder.EclipseLogger - Using 'UTF-8' encoding to copy filtered resources.
2017-04-25 23:49:48,544 [Worker-103] INFO  o.e.m.c.i.embedder.EclipseLogger - skip non existing resourceDirectory F:\Projet\rapsberry\platform-rapsberry-pi\workspace\bluetooth\src\main\resources
2017-04-25 23:49:48,546 [Worker-103] INFO  o.e.m.c.i.embedder.EclipseLogger - Using 'UTF-8' encoding to copy filtered resources.
2017-04-25 23:49:48,546 [Worker-103] INFO  o.e.m.c.i.embedder.EclipseLogger - skip non existing resourceDirectory F:\Projet\rapsberry\platform-rapsberry-pi\workspace\bluetooth\src\test\resources
2017-04-25 23:49:50,204 [Worker-104] INFO  o.e.m.c.i.l.LifecycleMappingFactory - Using org.eclipse.m2e.jdt.JarLifecycleMapping lifecycle mapping for MavenProject: com.gunther.rapsberry.bluetooth:bluetooth:0.0.1-SNAPSHOT @ F:\Projet\rapsberry\platform-rapsberry-pi\workspace\bluetooth\pom.xml.
2017-04-25 23:49:50,283 [Worker-104] INFO  o.e.m.c.i.embedder.EclipseLogger - Using 'UTF-8' encoding to copy filtered resources.
2017-04-25 23:49:50,283 [Worker-104] INFO  o.e.m.c.i.embedder.EclipseLogger - skip non existing resourceDirectory F:\Projet\rapsberry\platform-rapsberry-pi\workspace\bluetooth\src\main\resources
2017-04-25 23:49:50,284 [Worker-104] INFO  o.e.m.c.i.embedder.EclipseLogger - Using 'UTF-8' encoding to copy filtered resources.
2017-04-25 23:49:50,284 [Worker-104] INFO  o.e.m.c.i.embedder.EclipseLogger - skip non existing resourceDirectory F:\Projet\rapsberry\platform-rapsberry-pi\workspace\bluetooth\src\test\resources
2017-04-25 23:49:51,637 [Worker-101] INFO  o.e.m.c.i.l.LifecycleMappingFactory - Using org.eclipse.m2e.jdt.JarLifecycleMapping lifecycle mapping for MavenProject: com.gunther.rapsberry.bluetooth:bluetooth:0.0.1-SNAPSHOT @ F:\Projet\rapsberry\platform-rapsberry-pi\workspace\bluetooth\pom.xml.
2017-04-25 23:49:51,709 [Worker-101] INFO  o.e.m.c.i.embedder.EclipseLogger - Using 'UTF-8' encoding to copy filtered resources.
2017-04-25 23:49:51,709 [Worker-101] INFO  o.e.m.c.i.embedder.EclipseLogger - skip non existing resourceDirectory F:\Projet\rapsberry\platform-rapsberry-pi\workspace\bluetooth\src\main\resources
2017-04-25 23:49:51,711 [Worker-101] INFO  o.e.m.c.i.embedder.EclipseLogger - Using 'UTF-8' encoding to copy filtered resources.
2017-04-25 23:49:51,711 [Worker-101] INFO  o.e.m.c.i.embedder.EclipseLogger - skip non existing resourceDirectory F:\Projet\rapsberry\platform-rapsberry-pi\workspace\bluetooth\src\test\resources
2017-04-25 23:50:35,594 [Worker-104] INFO  o.e.m.c.i.e.AbstractTransferListenerAdapter - Downloading https://repo.maven.apache.org/maven2/org/apache/maven/plugins/maven-jar-plugin/3.0.2/maven-jar-plugin-3.0.2.jar
2017-04-25 23:50:35,637 [Worker-104] INFO  o.e.m.c.i.e.AbstractTransferListenerAdapter - Downloaded https://repo.maven.apache.org/maven2/org/apache/maven/plugins/maven-jar-plugin/3.0.2/maven-jar-plugin-3.0.2.jar
2017-04-25 23:50:35,984 [Worker-104] INFO  o.e.m.c.i.l.LifecycleMappingFactory - Using org.eclipse.m2e.jdt.JarLifecycleMapping lifecycle mapping for MavenProject: com.gunther.rapsberry.bluetooth:bluetooth:0.0.1-SNAPSHOT @ F:\Projet\rapsberry\platform-rapsberry-pi\workspace\bluetooth\pom.xml.
2017-04-25 23:50:36,026 [Worker-104] INFO  o.e.m.c.i.e.AbstractTransferListenerAdapter - Downloading https://repo.maven.apache.org/maven2/org/apache/maven/plugins/maven-jar-plugin/3.0.2/maven-jar-plugin-3.0.2.pom
2017-04-25 23:50:36,045 [Worker-104] INFO  o.e.m.c.i.e.AbstractTransferListenerAdapter - Downloaded https://repo.maven.apache.org/maven2/org/apache/maven/plugins/maven-jar-plugin/3.0.2/maven-jar-plugin-3.0.2.pom
2017-04-25 23:50:36,183 [Worker-104] INFO  o.e.m.c.i.embedder.EclipseLogger - Using 'UTF-8' encoding to copy filtered resources.
2017-04-25 23:50:36,183 [Worker-104] INFO  o.e.m.c.i.embedder.EclipseLogger - skip non existing resourceDirectory F:\Projet\rapsberry\platform-rapsberry-pi\workspace\bluetooth\src\main\resources
2017-04-25 23:50:36,224 [Worker-104] INFO  o.e.m.c.i.embedder.EclipseLogger - Using 'UTF-8' encoding to copy filtered resources.
2017-04-25 23:50:36,224 [Worker-104] INFO  o.e.m.c.i.embedder.EclipseLogger - skip non existing resourceDirectory F:\Projet\rapsberry\platform-rapsberry-pi\workspace\bluetooth\src\test\resources
2017-04-25 23:50:37,068 [Worker-104] INFO  o.e.m.c.i.e.AbstractTransferListenerAdapter - Downloading https://repo.maven.apache.org/maven2/org/apache/maven/maven-archiver/3.1.1/maven-archiver-3.1.1.pom
2017-04-25 23:50:37,086 [Worker-104] INFO  o.e.m.c.i.e.AbstractTransferListenerAdapter - Downloaded https://repo.maven.apache.org/maven2/org/apache/maven/maven-archiver/3.1.1/maven-archiver-3.1.1.pom
2017-04-25 23:50:37,112 [Worker-104] INFO  o.e.m.c.i.e.AbstractTransferListenerAdapter - Downloading https://repo.maven.apache.org/maven2/org/apache/maven/shared/maven-shared-utils/3.0.1/maven-shared-utils-3.0.1.pom
2017-04-25 23:50:37,125 [Worker-104] INFO  o.e.m.c.i.e.AbstractTransferListenerAdapter - Downloaded https://repo.maven.apache.org/maven2/org/apache/maven/shared/maven-shared-utils/3.0.1/maven-shared-utils-3.0.1.pom
2017-04-25 23:50:37,440 [Worker-104] INFO  o.e.m.c.i.e.AbstractTransferListenerAdapter - Downloading https://repo.maven.apache.org/maven2/org/codehaus/plexus/plexus-archiver/3.3/plexus-archiver-3.3.pom
2017-04-25 23:50:37,455 [Worker-104] INFO  o.e.m.c.i.e.AbstractTransferListenerAdapter - Downloaded https://repo.maven.apache.org/maven2/org/codehaus/plexus/plexus-archiver/3.3/plexus-archiver-3.3.pom
2017-04-25 23:50:37,540 [Worker-104] INFO  o.e.m.c.i.e.AbstractTransferListenerAdapter - Downloading https://repo.maven.apache.org/maven2/org/codehaus/plexus/plexus-io/2.7.1/plexus-io-2.7.1.pom
2017-04-25 23:50:37,566 [Worker-104] INFO  o.e.m.c.i.e.AbstractTransferListenerAdapter - Downloaded https://repo.maven.apache.org/maven2/org/codehaus/plexus/plexus-io/2.7.1/plexus-io-2.7.1.pom
2017-04-25 23:50:37,658 [Worker-104] INFO  o.e.m.c.i.e.AbstractTransferListenerAdapter - Downloading https://repo.maven.apache.org/maven2/org/apache/commons/commons-compress/1.11/commons-compress-1.11.pom
2017-04-25 23:50:37,692 [Worker-104] INFO  o.e.m.c.i.e.AbstractTransferListenerAdapter - Downloaded https://repo.maven.apache.org/maven2/org/apache/commons/commons-compress/1.11/commons-compress-1.11.pom
2017-04-25 23:50:37,717 [Worker-104] INFO  o.e.m.c.i.e.AbstractTransferListenerAdapter - Downloading https://repo.maven.apache.org/maven2/org/iq80/snappy/snappy/0.4/snappy-0.4.pom
2017-04-25 23:50:37,737 [Worker-104] INFO  o.e.m.c.i.e.AbstractTransferListenerAdapter - Downloaded https://repo.maven.apache.org/maven2/org/iq80/snappy/snappy/0.4/snappy-0.4.pom
2017-04-25 23:50:37,785 [Worker-104] INFO  o.e.m.c.i.e.AbstractTransferListenerAdapter - Downloading https://repo.maven.apache.org/maven2/org/tukaani/xz/1.5/xz-1.5.pom
2017-04-25 23:50:37,804 [Worker-104] INFO  o.e.m.c.i.e.AbstractTransferListenerAdapter - Downloaded https://repo.maven.apache.org/maven2/org/tukaani/xz/1.5/xz-1.5.pom
2017-04-25 23:50:37,844 [Worker-104] INFO  o.e.m.c.i.e.AbstractTransferListenerAdapter - Downloading https://repo.maven.apache.org/maven2/org/codehaus/plexus/plexus-archiver/3.4/plexus-archiver-3.4.pom
2017-04-25 23:50:37,860 [Worker-104] INFO  o.e.m.c.i.e.AbstractTransferListenerAdapter - Downloaded https://repo.maven.apache.org/maven2/org/codehaus/plexus/plexus-archiver/3.4/plexus-archiver-3.4.pom
2017-04-25 23:50:37,948 [Worker-104] INFO  o.e.m.c.i.e.AbstractTransferListenerAdapter - Downloading https://repo.maven.apache.org/maven2/org/apache/maven/maven-archiver/3.1.1/maven-archiver-3.1.1.jar
2017-04-25 23:50:37,971 [Worker-104] INFO  o.e.m.c.i.e.AbstractTransferListenerAdapter - Downloaded https://repo.maven.apache.org/maven2/org/apache/maven/maven-archiver/3.1.1/maven-archiver-3.1.1.jar
2017-04-25 23:50:37,986 [Worker-104] INFO  o.e.m.c.i.e.AbstractTransferListenerAdapter - Downloading https://repo.maven.apache.org/maven2/org/apache/maven/shared/maven-shared-utils/3.0.1/maven-shared-utils-3.0.1.jar
2017-04-25 23:50:38,043 [Worker-104] INFO  o.e.m.c.i.e.AbstractTransferListenerAdapter - Downloaded https://repo.maven.apache.org/maven2/org/apache/maven/shared/maven-shared-utils/3.0.1/maven-shared-utils-3.0.1.jar
2017-04-25 23:50:38,057 [Worker-104] INFO  o.e.m.c.i.e.AbstractTransferListenerAdapter - Downloading https://repo.maven.apache.org/maven2/org/codehaus/plexus/plexus-archiver/3.4/plexus-archiver-3.4.jar
2017-04-25 23:50:38,134 [Worker-104] INFO  o.e.m.c.i.e.AbstractTransferListenerAdapter - Downloaded https://repo.maven.apache.org/maven2/org/codehaus/plexus/plexus-archiver/3.4/plexus-archiver-3.4.jar
2017-04-25 23:50:38,148 [Worker-104] INFO  o.e.m.c.i.e.AbstractTransferListenerAdapter - Downloading https://repo.maven.apache.org/maven2/org/codehaus/plexus/plexus-io/2.7.1/plexus-io-2.7.1.jar
2017-04-25 23:50:38,199 [Worker-104] INFO  o.e.m.c.i.e.AbstractTransferListenerAdapter - Downloaded https://repo.maven.apache.org/maven2/org/codehaus/plexus/plexus-io/2.7.1/plexus-io-2.7.1.jar
2017-04-25 23:50:38,216 [Worker-104] INFO  o.e.m.c.i.e.AbstractTransferListenerAdapter - Downloading https://repo.maven.apache.org/maven2/org/apache/commons/commons-compress/1.11/commons-compress-1.11.jar
2017-04-25 23:50:38,318 [Worker-104] INFO  o.e.m.c.i.e.AbstractTransferListenerAdapter - Downloaded https://repo.maven.apache.org/maven2/org/apache/commons/commons-compress/1.11/commons-compress-1.11.jar
2017-04-25 23:50:38,327 [Worker-104] INFO  o.e.m.c.i.e.AbstractTransferListenerAdapter - Downloading https://repo.maven.apache.org/maven2/org/iq80/snappy/snappy/0.4/snappy-0.4.jar
2017-04-25 23:50:38,358 [Worker-104] INFO  o.e.m.c.i.e.AbstractTransferListenerAdapter - Downloaded https://repo.maven.apache.org/maven2/org/iq80/snappy/snappy/0.4/snappy-0.4.jar
2017-04-25 23:50:38,369 [Worker-104] INFO  o.e.m.c.i.e.AbstractTransferListenerAdapter - Downloading https://repo.maven.apache.org/maven2/org/tukaani/xz/1.5/xz-1.5.jar
2017-04-25 23:50:38,399 [Worker-104] INFO  o.e.m.c.i.e.AbstractTransferListenerAdapter - Downloaded https://repo.maven.apache.org/maven2/org/tukaani/xz/1.5/xz-1.5.jar
2017-04-25 23:50:40,973 [Worker-93] INFO  o.e.m.c.i.l.LifecycleMappingFactory - Using org.eclipse.m2e.jdt.JarLifecycleMapping lifecycle mapping for MavenProject: com.gunther.rapsberry.bluetooth:bluetooth:0.0.1-SNAPSHOT @ F:\Projet\rapsberry\platform-rapsberry-pi\workspace\bluetooth\pom.xml.
2017-04-25 23:50:41,049 [Worker-93] INFO  o.e.m.c.i.embedder.EclipseLogger - Using 'UTF-8' encoding to copy filtered resources.
2017-04-25 23:50:41,050 [Worker-93] INFO  o.e.m.c.i.embedder.EclipseLogger - skip non existing resourceDirectory F:\Projet\rapsberry\platform-rapsberry-pi\workspace\bluetooth\src\main\resources
2017-04-25 23:50:41,051 [Worker-93] INFO  o.e.m.c.i.embedder.EclipseLogger - Using 'UTF-8' encoding to copy filtered resources.
2017-04-25 23:50:41,051 [Worker-93] INFO  o.e.m.c.i.embedder.EclipseLogger - skip non existing resourceDirectory F:\Projet\rapsberry\platform-rapsberry-pi\workspace\bluetooth\src\test\resources
2017-04-25 23:50:42,466 [Worker-101] INFO  o.e.m.c.i.l.LifecycleMappingFactory - Using org.eclipse.m2e.jdt.JarLifecycleMapping lifecycle mapping for MavenProject: com.gunther.rapsberry.bluetooth:bluetooth:0.0.1-SNAPSHOT @ F:\Projet\rapsberry\platform-rapsberry-pi\workspace\bluetooth\pom.xml.
2017-04-25 23:50:42,577 [Worker-101] INFO  o.e.m.c.i.embedder.EclipseLogger - Using 'UTF-8' encoding to copy filtered resources.
2017-04-25 23:50:42,577 [Worker-101] INFO  o.e.m.c.i.embedder.EclipseLogger - skip non existing resourceDirectory F:\Projet\rapsberry\platform-rapsberry-pi\workspace\bluetooth\src\main\resources
2017-04-25 23:50:42,579 [Worker-101] INFO  o.e.m.c.i.embedder.EclipseLogger - Using 'UTF-8' encoding to copy filtered resources.
2017-04-25 23:50:42,579 [Worker-101] INFO  o.e.m.c.i.embedder.EclipseLogger - skip non existing resourceDirectory F:\Projet\rapsberry\platform-rapsberry-pi\workspace\bluetooth\src\test\resources
